Log file open, 12/09/19 19:44:46
LogWindows: Failed to load 'aqProf.dll' (GetLastError=126)
LogWindows: File 'aqProf.dll' does not exist
LogWindows: Failed to load 'VtuneApi.dll' (GetLastError=126)
LogWindows: File 'VtuneApi.dll' does not exist
LogWindows: Failed to load 'VtuneApi32e.dll' (GetLastError=126)
LogWindows: File 'VtuneApi32e.dll' does not exist
LogConsoleResponse: Display: Failed to find resolution value strings in scalability ini. Falling back to default.
LogInit: Display: Running engine for game: TheLab
LogPlatformFile: Not using cached read wrapper
LogTaskGraph: Started task graph with 5 named threads and 14 total threads with 3 sets of task threads.
LogStats: Stats thread started at 0.069172
LogD3D11RHI: Loaded GFSDK_Aftermath_Lib.x64.dll
LogICUInternationalization: ICU TimeZone Detection - Raw Offset: -7:00, Platform Override: ''
LogPluginManager: Mounting plugin Paper2D
LogPluginManager: Mounting plugin AISupport
LogPluginManager: Mounting plugin LightPropagationVolume
LogPluginManager: Mounting plugin ActorLayerUtilities
LogPluginManager: Mounting plugin AnimationSharing
LogPluginManager: Mounting plugin CLionSourceCodeAccess
LogPluginManager: Mounting plugin CodeLiteSourceCodeAccess
LogPluginManager: Mounting plugin GitSourceControl
LogPluginManager: Mounting plugin KDevelopSourceCodeAccess
LogPluginManager: Mounting plugin NullSourceCodeAccess
LogPluginManager: Mounting plugin PerforceSourceControl
LogPluginManager: Mounting plugin SubversionSourceControl
LogPluginManager: Mounting plugin UObjectPlugin
LogPluginManager: Mounting plugin VisualStudioCodeSourceCodeAccess
LogPluginManager: Mounting plugin VisualStudioSourceCodeAccess
LogPluginManager: Mounting plugin XCodeSourceCodeAccess
LogPluginManager: Mounting plugin AssetManagerEditor
LogPluginManager: Mounting plugin CryptoKeys
LogPluginManager: Mounting plugin CurveEditorTools
LogPluginManager: Mounting plugin DataValidation
LogPluginManager: Mounting plugin FacialAnimation
LogPluginManager: Mounting plugin GameplayTagsEditor
LogPluginManager: Mounting plugin MacGraphicsSwitching
LogPluginManager: Mounting plugin MaterialAnalyzer
LogPluginManager: Mounting plugin MobileLauncherProfileWizard
LogPluginManager: Mounting plugin PluginBrowser
LogPluginManager: Mounting plugin SpeedTreeImporter
LogPluginManager: Mounting plugin DatasmithContent
LogPluginManager: Mounting plugin VariantManagerContent
LogPluginManager: Mounting plugin AlembicImporter
LogPluginManager: Mounting plugin AutomationUtils
LogPluginManager: Mounting plugin BackChannel
LogPluginManager: Mounting plugin CharacterAI
LogPluginManager: Mounting plugin GeometryCache
LogPluginManager: Mounting plugin HTML5Networking
LogPluginManager: Mounting plugin PlatformCrypto
LogPluginManager: Mounting plugin ProxyLODPlugin
LogPluginManager: Mounting plugin SkeletalReduction
LogPluginManager: Mounting plugin MagicLeap
LogPluginManager: Mounting plugin MagicLeapMedia
LogPluginManager: Mounting plugin AndroidMedia
LogPluginManager: Mounting plugin AvfMedia
LogPluginManager: Mounting plugin ImgMedia
LogPluginManager: Mounting plugin MediaCompositing
LogPluginManager: Mounting plugin MediaPlayerEditor
LogPluginManager: Mounting plugin WebMMedia
LogPluginManager: Mounting plugin WmfMedia
LogPluginManager: Mounting plugin TcpMessaging
LogPluginManager: Mounting plugin UdpMessaging
LogPluginManager: Mounting plugin ActorSequence
LogPluginManager: Mounting plugin LevelSequenceEditor
LogPluginManager: Mounting plugin MatineeToLevelSequence
LogPluginManager: Mounting plugin NetcodeUnitTest
LogPluginManager: Mounting plugin NUTUnrealEngine4
LogPluginManager: Mounting plugin OnlineSubsystemGooglePlay
LogPluginManager: Mounting plugin OnlineSubsystemIOS
LogPluginManager: Mounting plugin OnlineSubsystem
LogPluginManager: Mounting plugin OnlineSubsystemNull
LogPluginManager: Mounting plugin OnlineSubsystemUtils
LogPluginManager: Mounting plugin LauncherChunkInstaller
LogPluginManager: Mounting plugin AndroidDeviceProfileSelector
LogPluginManager: Mounting plugin AndroidMoviePlayer
LogPluginManager: Mounting plugin AndroidPermission
LogPluginManager: Mounting plugin AppleImageUtils
LogPluginManager: Mounting plugin AppleMoviePlayer
LogPluginManager: Mounting plugin ArchVisCharacter
LogPluginManager: Mounting plugin AudioCapture
LogPluginManager: Mounting plugin CableComponent
LogPluginManager: Mounting plugin CustomMeshComponent
LogPluginManager: Mounting plugin EditableMesh
LogPluginManager: Mounting plugin ExampleDeviceProfileSelector
LogPluginManager: Mounting plugin GoogleCloudMessaging
LogPluginManager: Mounting plugin IOSDeviceProfileSelector
LogPluginManager: Mounting plugin LinuxDeviceProfileSelector
LogPluginManager: Mounting plugin LocationServicesBPLibrary
LogPluginManager: Mounting plugin MobilePatchingUtils
LogPluginManager: Mounting plugin OculusVR
LogPluginManager: Mounting plugin PhysXVehicles
LogPluginManager: Mounting plugin ProceduralMeshComponent
LogPluginManager: Mounting plugin RuntimePhysXCooking
LogPluginManager: Mounting plugin SignificanceManager
LogPluginManager: Mounting plugin SteamVR
LogPluginManager: Mounting plugin WebMMoviePlayer
LogPluginManager: Mounting plugin WindowsMoviePlayer
LogPluginManager: Mounting plugin ScreenshotTools
LogInit: Using libcurl 7.55.1-DEV
LogInit:  - built for x86_64-pc-win32
LogInit:  - supports SSL with OpenSSL/1.1.1
LogInit:  - supports HTTP deflate (compression) using libz 1.2.8
LogInit:  - other features:
LogInit:      CURL_VERSION_SSL
LogInit:      CURL_VERSION_LIBZ
LogInit:      CURL_VERSION_IPV6
LogInit:      CURL_VERSION_ASYNCHDNS
LogInit:      CURL_VERSION_LARGEFILE
LogInit:      CURL_VERSION_IDN
LogInit:  CurlRequestOptions (configurable via config and command line):
LogInit:  - bVerifyPeer = true  - Libcurl will verify peer certificate
LogInit:  - bUseHttpProxy = false  - Libcurl will NOT use HTTP proxy
LogInit:  - bDontReuseConnections = false  - Libcurl will reuse connections
LogInit:  - MaxHostConnections = 16  - Libcurl will limit the number of connections to a host
LogInit:  - LocalHostAddr = Default
LogInit:  - BufferSize = 65536
LogOnline: OSS: Creating online subsystem instance for: NULL
LogInit: WinSock: version 1.1 (2.2), MaxSocks=32767, MaxUdp=65467
LogInit: Build: ++UE4+Release-4.23-CL-9631420
LogInit: Engine Version: 4.23.1-9631420+++UE4+Release-4.23
LogInit: Compatible Engine Version: 4.23.0-8386587+++UE4+Release-4.23
LogInit: Net CL: 8386587
LogInit: OS: Windows 10 (Release 1803) (), CPU: Intel(R) Core(TM) i5-7500 CPU @ 3.40GHz, GPU: NVIDIA GeForce GTX 1050
LogInit: Compiled (64-bit): Oct 18 2019 02:07:44
LogInit: Compiled with Visual C++: 19.16.27030.01
LogInit: Build Configuration: Development
LogInit: Branch Name: ++UE4+Release-4.23
LogInit: Command Line: 
LogInit: Base Directory: C:/Program Files/Epic Games/UE_4.23/Engine/Binaries/Win64/
LogInit: Installed Engine Build: 1
LogDevObjectVersion: Number of dev versions registered: 23
LogDevObjectVersion:   Dev-Blueprints (B0D832E4-1F89-4F0D-ACCF-7EB736FD4AA2): 10
LogDevObjectVersion:   Dev-Build (E1C64328-A22C-4D53-A36C-8E866417BD8C): 0
LogDevObjectVersion:   Dev-Core (375EC13C-06E4-48FB-B500-84F0262A717E): 3
LogDevObjectVersion:   Dev-Editor (E4B068ED-F494-42E9-A231-DA0B2E46BB41): 34
LogDevObjectVersion:   Dev-Framework (CFFC743F-43B0-4480-9391-14DF171D2073): 35
LogDevObjectVersion:   Dev-Mobile (B02B49B5-BB20-44E9-A304-32B752E40360): 2
LogDevObjectVersion:   Dev-Networking (A4E4105C-59A1-49B5-A7C5-40C4547EDFEE): 0
LogDevObjectVersion:   Dev-Online (39C831C9-5AE6-47DC-9A44-9C173E1C8E7C): 0
LogDevObjectVersion:   Dev-Physics (78F01B33-EBEA-4F98-B9B4-84EACCB95AA2): 0
LogDevObjectVersion:   Dev-Platform (6631380F-2D4D-43E0-8009-CF276956A95A): 0
LogDevObjectVersion:   Dev-Rendering (12F88B9F-8875-4AFC-A67C-D90C383ABD29): 31
LogDevObjectVersion:   Dev-Sequencer (7B5AE74C-D270-4C10-A958-57980B212A5A): 11
LogDevObjectVersion:   Dev-VR (D7296918-1DD6-4BDD-9DE2-64A83CC13884): 2
LogDevObjectVersion:   Dev-LoadTimes (C2A15278-BFE7-4AFE-6C17-90FF531DF755): 1
LogDevObjectVersion:   Private-Geometry (6EACA3D4-40EC-4CC1-B786-8BED09428FC5): 3
LogDevObjectVersion:   Dev-AnimPhys (29E575DD-E0A3-4627-9D10-D276232CDCEA): 17
LogDevObjectVersion:   Dev-Anim (AF43A65D-7FD3-4947-9873-3E8ED9C1BB05): 2
LogDevObjectVersion:   Dev-ReflectionCapture (6B266CEC-1EC7-4B8F-A30B-E4D90942FC07): 1
LogDevObjectVersion:   Dev-Automation (0DF73D61-A23F-47EA-B727-89E90C41499A): 1
LogDevObjectVersion:   FortniteMain (601D1886-AC64-4F84-AA16-D3DE0DEAC7D6): 27
LogDevObjectVersion:   Dev-Enterprise (9DFFBCD6-494F-0158-E221-12823C92A888): 6
LogDevObjectVersion:   Dev-Niagara (F2AED0AC-9AFE-416F-8664-AA7FFA26D6FC): 1
LogDevObjectVersion:   Dev-Destruction (174F1F0B-B4C6-45A5-B13F-2EE8D0FB917D): 9
LogInit: Presizing for max 16777216 objects, including 0 objects not considered by GC, pre-allocating 0 bytes for permanent pool.
LogInit: Object subsystem initialized
LogConfig: Setting CVar [[con.DebugEarlyDefault:1]]
LogConfig: Setting CVar [[r.setres:1280x720]]
[2019.12.10-02.44.47:166][  0]LogConfig: Setting CVar [[r.VSync:0]]
[2019.12.10-02.44.47:166][  0]LogConfig: Setting CVar [[r.RHICmdBypass:0]]
[2019.12.10-02.44.47:166][  0]LogConfig: Applying CVar settings from Section [/Script/Engine.RendererSettings] File [C:/Users/u1101109/Desktop/GitHub/TheLab/Saved/Config/Windows/Engine.ini]
[2019.12.10-02.44.47:166][  0]LogConfig: Setting CVar [[r.GPUCrashDebugging:0]]
[2019.12.10-02.44.47:166][  0]LogConfig: Applying CVar settings from Section [/Script/Engine.RendererOverrideSettings] File [C:/Users/u1101109/Desktop/GitHub/TheLab/Saved/Config/Windows/Engine.ini]
[2019.12.10-02.44.47:166][  0]LogConfig: Applying CVar settings from Section [/Script/Engine.StreamingSettings] File [C:/Users/u1101109/Desktop/GitHub/TheLab/Saved/Config/Windows/Engine.ini]
[2019.12.10-02.44.47:166][  0]LogConfig: Setting CVar [[s.MinBulkDataSizeForAsyncLoading:131072]]
[2019.12.10-02.44.47:166][  0]LogConfig: Setting CVar [[s.AsyncLoadingThreadEnabled:0]]
[2019.12.10-02.44.47:166][  0]LogConfig: Setting CVar [[s.EventDrivenLoaderEnabled:1]]
[2019.12.10-02.44.47:166][  0]LogConfig: Setting CVar [[s.WarnIfTimeLimitExceeded:0]]
[2019.12.10-02.44.47:166][  0]LogConfig: Setting CVar [[s.TimeLimitExceededMultiplier:1.5]]
[2019.12.10-02.44.47:166][  0]LogConfig: Setting CVar [[s.TimeLimitExceededMinTime:0.005]]
[2019.12.10-02.44.47:166][  0]LogConfig: Setting CVar [[s.UseBackgroundLevelStreaming:1]]
[2019.12.10-02.44.47:166][  0]LogConfig: Setting CVar [[s.PriorityAsyncLoadingExtraTime:15.0]]
[2019.12.10-02.44.47:166][  0]LogConfig: Setting CVar [[s.LevelStreamingActorsUpdateTimeLimit:5.0]]
[2019.12.10-02.44.47:167][  0]LogConfig: Setting CVar [[s.PriorityLevelStreamingActorsUpdateExtraTime:5.0]]
[2019.12.10-02.44.47:167][  0]LogConfig: Setting CVar [[s.LevelStreamingComponentsRegistrationGranularity:10]]
[2019.12.10-02.44.47:167][  0]LogConfig: Setting CVar [[s.UnregisterComponentsTimeLimit:1.0]]
[2019.12.10-02.44.47:167][  0]LogConfig: Setting CVar [[s.LevelStreamingComponentsUnregistrationGranularity:5]]
[2019.12.10-02.44.47:167][  0]LogConfig: Applying CVar settings from Section [/Script/Engine.GarbageCollectionSettings] File [C:/Users/u1101109/Desktop/GitHub/TheLab/Saved/Config/Windows/Engine.ini]
[2019.12.10-02.44.47:167][  0]LogConfig: Setting CVar [[gc.MaxObjectsNotConsideredByGC:1]]
[2019.12.10-02.44.47:167][  0]LogConfig: Setting CVar [[gc.SizeOfPermanentObjectPool:0]]
[2019.12.10-02.44.47:167][  0]LogConfig: Setting CVar [[gc.FlushStreamingOnGC:0]]
[2019.12.10-02.44.47:167][  0]LogConfig: Setting CVar [[gc.NumRetriesBeforeForcingGC:10]]
[2019.12.10-02.44.47:167][  0]LogConfig: Setting CVar [[gc.AllowParallelGC:1]]
[2019.12.10-02.44.47:167][  0]LogConfig: Setting CVar [[gc.TimeBetweenPurgingPendingKillObjects:61.1]]
[2019.12.10-02.44.47:167][  0]LogConfig: Setting CVar [[gc.MaxObjectsInEditor:16777216]]
[2019.12.10-02.44.47:167][  0]LogConfig: Setting CVar [[gc.IncrementalBeginDestroyEnabled:1]]
[2019.12.10-02.44.47:167][  0]LogConfig: Setting CVar [[gc.CreateGCClusters:1]]
[2019.12.10-02.44.47:167][  0]LogConfig: Setting CVar [[gc.MinGCClusterSize:5]]
[2019.12.10-02.44.47:167][  0]LogConfig: Setting CVar [[gc.ActorClusteringEnabled:0]]
[2019.12.10-02.44.47:167][  0]LogConfig: Setting CVar [[gc.BlueprintClusteringEnabled:0]]
[2019.12.10-02.44.47:167][  0]LogConfig: Setting CVar [[gc.UseDisregardForGCOnDedicatedServers:0]]
[2019.12.10-02.44.47:167][  0]LogConfig: Applying CVar settings from Section [/Script/Engine.NetworkSettings] File [C:/Users/u1101109/Desktop/GitHub/TheLab/Saved/Config/Windows/Engine.ini]
[2019.12.10-02.44.47:167][  0]LogConfig: Applying CVar settings from Section [/Script/UnrealEd.CookerSettings] File [C:/Users/u1101109/Desktop/GitHub/TheLab/Saved/Config/Windows/Engine.ini]
[2019.12.10-02.44.47:169][  0]LogConfig: Applying CVar settings from Section [ViewDistanceQuality@3] File [C:/Users/u1101109/Desktop/GitHub/TheLab/Saved/Config/Windows/Scalability.ini]
[2019.12.10-02.44.47:169][  0]LogConfig: Setting CVar [[r.SkeletalMeshLODBias:0]]
[2019.12.10-02.44.47:169][  0]LogConfig: Setting CVar [[r.ViewDistanceScale:1.0]]
[2019.12.10-02.44.47:169][  0]LogConfig: Applying CVar settings from Section [AntiAliasingQuality@3] File [C:/Users/u1101109/Desktop/GitHub/TheLab/Saved/Config/Windows/Scalability.ini]
[2019.12.10-02.44.47:169][  0]LogConfig: Setting CVar [[r.PostProcessAAQuality:4]]
[2019.12.10-02.44.47:169][  0]LogConfig: Applying CVar settings from Section [ShadowQuality@3] File [C:/Users/u1101109/Desktop/GitHub/TheLab/Saved/Config/Windows/Scalability.ini]
[2019.12.10-02.44.47:169][  0]LogConfig: Setting CVar [[r.LightFunctionQuality:1]]
[2019.12.10-02.44.47:169][  0]LogConfig: Setting CVar [[r.ShadowQuality:5]]
[2019.12.10-02.44.47:169][  0]LogConfig: Setting CVar [[r.Shadow.CSM.MaxCascades:10]]
[2019.12.10-02.44.47:169][  0]LogConfig: Setting CVar [[r.Shadow.MaxResolution:2048]]
[2019.12.10-02.44.47:169][  0]LogConfig: Setting CVar [[r.Shadow.MaxCSMResolution:2048]]
[2019.12.10-02.44.47:169][  0]LogConfig: Setting CVar [[r.Shadow.RadiusThreshold:0.01]]
[2019.12.10-02.44.47:169][  0]LogConfig: Setting CVar [[r.Shadow.DistanceScale:1.0]]
[2019.12.10-02.44.47:169][  0]LogConfig: Setting CVar [[r.Shadow.CSM.TransitionScale:1.0]]
[2019.12.10-02.44.47:169][  0]LogConfig: Setting CVar [[r.Shadow.PreShadowResolutionFactor:1.0]]
[2019.12.10-02.44.47:169][  0]LogConfig: Setting CVar [[r.DistanceFieldShadowing:1]]
[2019.12.10-02.44.47:169][  0]LogConfig: Setting CVar [[r.DistanceFieldAO:1]]
[2019.12.10-02.44.47:169][  0]LogConfig: Setting CVar [[r.AOQuality:2]]
[2019.12.10-02.44.47:169][  0]LogConfig: Setting CVar [[r.VolumetricFog:1]]
[2019.12.10-02.44.47:169][  0]LogConfig: Setting CVar [[r.VolumetricFog.GridPixelSize:8]]
[2019.12.10-02.44.47:169][  0]LogConfig: Setting CVar [[r.VolumetricFog.GridSizeZ:128]]
[2019.12.10-02.44.47:169][  0]LogConfig: Setting CVar [[r.VolumetricFog.HistoryMissSupersampleCount:4]]
[2019.12.10-02.44.47:169][  0]LogConfig: Setting CVar [[r.LightMaxDrawDistanceScale:1]]
[2019.12.10-02.44.47:169][  0]LogConfig: Setting CVar [[r.CapsuleShadows:1]]
[2019.12.10-02.44.47:169][  0]LogConfig: Applying CVar settings from Section [PostProcessQuality@3] File [C:/Users/u1101109/Desktop/GitHub/TheLab/Saved/Config/Windows/Scalability.ini]
[2019.12.10-02.44.47:169][  0]LogConfig: Setting CVar [[r.MotionBlurQuality:4]]
[2019.12.10-02.44.47:169][  0]LogConfig: Setting CVar [[r.AmbientOcclusionMipLevelFactor:0.4]]
[2019.12.10-02.44.47:169][  0]LogConfig: Setting CVar [[r.AmbientOcclusionMaxQuality:100]]
[2019.12.10-02.44.47:169][  0]LogConfig: Setting CVar [[r.AmbientOcclusionLevels:-1]]
[2019.12.10-02.44.47:169][  0]LogConfig: Setting CVar [[r.AmbientOcclusionRadiusScale:1.0]]
[2019.12.10-02.44.47:169][  0]LogConfig: Setting CVar [[r.DepthOfFieldQuality:2]]
[2019.12.10-02.44.47:169][  0]LogConfig: Setting CVar [[r.RenderTargetPoolMin:400]]
[2019.12.10-02.44.47:169][  0]LogConfig: Setting CVar [[r.LensFlareQuality:2]]
[2019.12.10-02.44.47:169][  0]LogConfig: Setting CVar [[r.SceneColorFringeQuality:1]]
[2019.12.10-02.44.47:169][  0]LogConfig: Setting CVar [[r.EyeAdaptationQuality:2]]
[2019.12.10-02.44.47:169][  0]LogConfig: Setting CVar [[r.BloomQuality:5]]
[2019.12.10-02.44.47:169][  0]LogConfig: Setting CVar [[r.FastBlurThreshold:100]]
[2019.12.10-02.44.47:169][  0]LogConfig: Setting CVar [[r.Upscale.Quality:3]]
[2019.12.10-02.44.47:169][  0]LogConfig: Setting CVar [[r.Tonemapper.GrainQuantization:1]]
[2019.12.10-02.44.47:169][  0]LogConfig: Setting CVar [[r.LightShaftQuality:1]]
[2019.12.10-02.44.47:169][  0]LogConfig: Setting CVar [[r.Filter.SizeScale:1]]
[2019.12.10-02.44.47:169][  0]LogConfig: Setting CVar [[r.Tonemapper.Quality:5]]
[2019.12.10-02.44.47:169][  0]LogConfig: Setting CVar [[r.DOF.Gather.AccumulatorQuality:1        ; higher gathering accumulator quality]]
[2019.12.10-02.44.47:169][  0]LogConfig: Setting CVar [[r.DOF.Gather.PostfilterMethod:1          ; Median3x3 postfilering method]]
[2019.12.10-02.44.47:169][  0]LogConfig: Setting CVar [[r.DOF.Gather.EnableBokehSettings:0       ; no bokeh simulation when gathering]]
[2019.12.10-02.44.47:169][  0]LogConfig: Setting CVar [[r.DOF.Gather.RingCount:4                 ; medium number of samples when gathering]]
[2019.12.10-02.44.47:169][  0]LogConfig: Setting CVar [[r.DOF.Scatter.ForegroundCompositing:1    ; additive foreground scattering]]
[2019.12.10-02.44.47:169][  0]LogConfig: Setting CVar [[r.DOF.Scatter.BackgroundCompositing:2    ; additive background scattering]]
[2019.12.10-02.44.47:169][  0]LogConfig: Setting CVar [[r.DOF.Scatter.EnableBokehSettings:1      ; bokeh simulation when scattering]]
[2019.12.10-02.44.47:169][  0]LogConfig: Setting CVar [[r.DOF.Scatter.MaxSpriteRatio:0.1         ; only a maximum of 10% of scattered bokeh]]
[2019.12.10-02.44.47:169][  0]LogConfig: Setting CVar [[r.DOF.Recombine.Quality:1                ; cheap slight out of focus]]
[2019.12.10-02.44.47:169][  0]LogConfig: Setting CVar [[r.DOF.Recombine.EnableBokehSettings:0    ; no bokeh simulation on slight out of focus]]
[2019.12.10-02.44.47:169][  0]LogConfig: Setting CVar [[r.DOF.TemporalAAQuality:1                ; more stable temporal accumulation]]
[2019.12.10-02.44.47:169][  0]LogConfig: Setting CVar [[r.DOF.Kernel.MaxForegroundRadius:0.025]]
[2019.12.10-02.44.47:169][  0]LogConfig: Setting CVar [[r.DOF.Kernel.MaxBackgroundRadius:0.025]]
[2019.12.10-02.44.47:169][  0]LogConfig: Applying CVar settings from Section [TextureQuality@3] File [C:/Users/u1101109/Desktop/GitHub/TheLab/Saved/Config/Windows/Scalability.ini]
[2019.12.10-02.44.47:169][  0]LogConfig: Setting CVar [[r.Streaming.MipBias:0]]
[2019.12.10-02.44.47:169][  0]LogConfig: Setting CVar [[r.Streaming.AmortizeCPUToGPUCopy:0]]
[2019.12.10-02.44.47:169][  0]LogConfig: Setting CVar [[r.Streaming.MaxNumTexturesToStreamPerFrame:0]]
[2019.12.10-02.44.47:169][  0]LogConfig: Setting CVar [[r.Streaming.Boost:1]]
[2019.12.10-02.44.47:169][  0]LogConfig: Setting CVar [[r.MaxAnisotropy:8]]
[2019.12.10-02.44.47:169][  0]LogConfig: Setting CVar [[r.Streaming.LimitPoolSizeToVRAM:0]]
[2019.12.10-02.44.47:169][  0]LogConfig: Setting CVar [[r.Streaming.PoolSize:1000]]
[2019.12.10-02.44.47:169][  0]LogConfig: Setting CVar [[r.Streaming.MaxEffectiveScreenSize:0]]
[2019.12.10-02.44.47:169][  0]LogConfig: Applying CVar settings from Section [EffectsQuality@3] File [C:/Users/u1101109/Desktop/GitHub/TheLab/Saved/Config/Windows/Scalability.ini]
[2019.12.10-02.44.47:169][  0]LogConfig: Setting CVar [[r.TranslucencyLightingVolumeDim:64]]
[2019.12.10-02.44.47:169][  0]LogConfig: Setting CVar [[r.RefractionQuality:2]]
[2019.12.10-02.44.47:169][  0]LogConfig: Setting CVar [[r.SSR.Quality:3]]
[2019.12.10-02.44.47:169][  0]LogConfig: Setting CVar [[r.SceneColorFormat:4]]
[2019.12.10-02.44.47:169][  0]LogConfig: Setting CVar [[r.DetailMode:2]]
[2019.12.10-02.44.47:169][  0]LogConfig: Setting CVar [[r.TranslucencyVolumeBlur:1]]
[2019.12.10-02.44.47:169][  0]LogConfig: Setting CVar [[r.MaterialQualityLevel:1 ; High quality]]
[2019.12.10-02.44.47:170][  0]LogConfig: Setting CVar [[r.SSS.Scale:1]]
[2019.12.10-02.44.47:170][  0]LogConfig: Setting CVar [[r.SSS.SampleSet:2]]
[2019.12.10-02.44.47:170][  0]LogConfig: Setting CVar [[r.SSS.Quality:1]]
[2019.12.10-02.44.47:170][  0]LogConfig: Setting CVar [[r.SSS.HalfRes:1]]
[2019.12.10-02.44.47:170][  0]LogConfig: Setting CVar [[r.EmitterSpawnRateScale:1.0]]
[2019.12.10-02.44.47:170][  0]LogConfig: Setting CVar [[r.ParticleLightQuality:2]]
[2019.12.10-02.44.47:170][  0]LogConfig: Applying CVar settings from Section [FoliageQuality@3] File [C:/Users/u1101109/Desktop/GitHub/TheLab/Saved/Config/Windows/Scalability.ini]
[2019.12.10-02.44.47:170][  0]LogConfig: Setting CVar [[foliage.DensityScale:1.0]]
[2019.12.10-02.44.47:170][  0]LogConfig: Setting CVar [[grass.DensityScale:1.0]]
[2019.12.10-02.44.47:170][  0]LogInit: Selected Device Profile: [Windows]
[2019.12.10-02.44.47:170][  0]LogInit: Applying CVar settings loaded from the selected device profile: [Windows]
[2019.12.10-02.44.47:172][  0]LogHAL: Display: Platform has ~ 8 GB [8546639872 / 8589934592 / 8], which maps to Default [LargestMinGB=32, LargerMinGB=12, DefaultMinGB=8, SmallerMinGB=6, SmallestMinGB=0)
[2019.12.10-02.44.47:172][  0]LogInit: Going up to parent DeviceProfile []
[2019.12.10-02.44.47:172][  0]LogConfig: Applying CVar settings from Section [ViewDistanceQuality@3] File [C:/Users/u1101109/Desktop/GitHub/TheLab/Saved/Config/Windows/Scalability.ini]
[2019.12.10-02.44.47:172][  0]LogConfig: Setting CVar [[r.SkeletalMeshLODBias:0]]
[2019.12.10-02.44.47:172][  0]LogConfig: Setting CVar [[r.ViewDistanceScale:1.0]]
[2019.12.10-02.44.47:172][  0]LogConfig: Applying CVar settings from Section [AntiAliasingQuality@3] File [C:/Users/u1101109/Desktop/GitHub/TheLab/Saved/Config/Windows/Scalability.ini]
[2019.12.10-02.44.47:172][  0]LogConfig: Setting CVar [[r.PostProcessAAQuality:4]]
[2019.12.10-02.44.47:172][  0]LogConfig: Applying CVar settings from Section [ShadowQuality@3] File [C:/Users/u1101109/Desktop/GitHub/TheLab/Saved/Config/Windows/Scalability.ini]
[2019.12.10-02.44.47:172][  0]LogConfig: Setting CVar [[r.LightFunctionQuality:1]]
[2019.12.10-02.44.47:172][  0]LogConfig: Setting CVar [[r.ShadowQuality:5]]
[2019.12.10-02.44.47:172][  0]LogConfig: Setting CVar [[r.Shadow.CSM.MaxCascades:10]]
[2019.12.10-02.44.47:172][  0]LogConfig: Setting CVar [[r.Shadow.MaxResolution:2048]]
[2019.12.10-02.44.47:172][  0]LogConfig: Setting CVar [[r.Shadow.MaxCSMResolution:2048]]
[2019.12.10-02.44.47:172][  0]LogConfig: Setting CVar [[r.Shadow.RadiusThreshold:0.01]]
[2019.12.10-02.44.47:172][  0]LogConfig: Setting CVar [[r.Shadow.DistanceScale:1.0]]
[2019.12.10-02.44.47:172][  0]LogConfig: Setting CVar [[r.Shadow.CSM.TransitionScale:1.0]]
[2019.12.10-02.44.47:172][  0]LogConfig: Setting CVar [[r.Shadow.PreShadowResolutionFactor:1.0]]
[2019.12.10-02.44.47:172][  0]LogConfig: Setting CVar [[r.DistanceFieldShadowing:1]]
[2019.12.10-02.44.47:172][  0]LogConfig: Setting CVar [[r.DistanceFieldAO:1]]
[2019.12.10-02.44.47:172][  0]LogConfig: Setting CVar [[r.AOQuality:2]]
[2019.12.10-02.44.47:172][  0]LogConfig: Setting CVar [[r.VolumetricFog:1]]
[2019.12.10-02.44.47:172][  0]LogConfig: Setting CVar [[r.VolumetricFog.GridPixelSize:8]]
[2019.12.10-02.44.47:172][  0]LogConfig: Setting CVar [[r.VolumetricFog.GridSizeZ:128]]
[2019.12.10-02.44.47:172][  0]LogConfig: Setting CVar [[r.VolumetricFog.HistoryMissSupersampleCount:4]]
[2019.12.10-02.44.47:172][  0]LogConfig: Setting CVar [[r.LightMaxDrawDistanceScale:1]]
[2019.12.10-02.44.47:172][  0]LogConfig: Setting CVar [[r.CapsuleShadows:1]]
[2019.12.10-02.44.47:172][  0]LogConfig: Applying CVar settings from Section [PostProcessQuality@3] File [C:/Users/u1101109/Desktop/GitHub/TheLab/Saved/Config/Windows/Scalability.ini]
[2019.12.10-02.44.47:172][  0]LogConfig: Setting CVar [[r.MotionBlurQuality:4]]
[2019.12.10-02.44.47:172][  0]LogConfig: Setting CVar [[r.AmbientOcclusionMipLevelFactor:0.4]]
[2019.12.10-02.44.47:172][  0]LogConfig: Setting CVar [[r.AmbientOcclusionMaxQuality:100]]
[2019.12.10-02.44.47:172][  0]LogConfig: Setting CVar [[r.AmbientOcclusionLevels:-1]]
[2019.12.10-02.44.47:172][  0]LogConfig: Setting CVar [[r.AmbientOcclusionRadiusScale:1.0]]
[2019.12.10-02.44.47:172][  0]LogConfig: Setting CVar [[r.DepthOfFieldQuality:2]]
[2019.12.10-02.44.47:172][  0]LogConfig: Setting CVar [[r.RenderTargetPoolMin:400]]
[2019.12.10-02.44.47:172][  0]LogConfig: Setting CVar [[r.LensFlareQuality:2]]
[2019.12.10-02.44.47:172][  0]LogConfig: Setting CVar [[r.SceneColorFringeQuality:1]]
[2019.12.10-02.44.47:172][  0]LogConfig: Setting CVar [[r.EyeAdaptationQuality:2]]
[2019.12.10-02.44.47:172][  0]LogConfig: Setting CVar [[r.BloomQuality:5]]
[2019.12.10-02.44.47:172][  0]LogConfig: Setting CVar [[r.FastBlurThreshold:100]]
[2019.12.10-02.44.47:172][  0]LogConfig: Setting CVar [[r.Upscale.Quality:3]]
[2019.12.10-02.44.47:172][  0]LogConfig: Setting CVar [[r.Tonemapper.GrainQuantization:1]]
[2019.12.10-02.44.47:172][  0]LogConfig: Setting CVar [[r.LightShaftQuality:1]]
[2019.12.10-02.44.47:172][  0]LogConfig: Setting CVar [[r.Filter.SizeScale:1]]
[2019.12.10-02.44.47:172][  0]LogConfig: Setting CVar [[r.Tonemapper.Quality:5]]
[2019.12.10-02.44.47:172][  0]LogConfig: Setting CVar [[r.DOF.Gather.AccumulatorQuality:1        ; higher gathering accumulator quality]]
[2019.12.10-02.44.47:172][  0]LogConfig: Setting CVar [[r.DOF.Gather.PostfilterMethod:1          ; Median3x3 postfilering method]]
[2019.12.10-02.44.47:172][  0]LogConfig: Setting CVar [[r.DOF.Gather.EnableBokehSettings:0       ; no bokeh simulation when gathering]]
[2019.12.10-02.44.47:172][  0]LogConfig: Setting CVar [[r.DOF.Gather.RingCount:4                 ; medium number of samples when gathering]]
[2019.12.10-02.44.47:172][  0]LogConfig: Setting CVar [[r.DOF.Scatter.ForegroundCompositing:1    ; additive foreground scattering]]
[2019.12.10-02.44.47:173][  0]LogConfig: Setting CVar [[r.DOF.Scatter.BackgroundCompositing:2    ; additive background scattering]]
[2019.12.10-02.44.47:173][  0]LogConfig: Setting CVar [[r.DOF.Scatter.EnableBokehSettings:1      ; bokeh simulation when scattering]]
[2019.12.10-02.44.47:173][  0]LogConfig: Setting CVar [[r.DOF.Scatter.MaxSpriteRatio:0.1         ; only a maximum of 10% of scattered bokeh]]
[2019.12.10-02.44.47:173][  0]LogConfig: Setting CVar [[r.DOF.Recombine.Quality:1                ; cheap slight out of focus]]
[2019.12.10-02.44.47:173][  0]LogConfig: Setting CVar [[r.DOF.Recombine.EnableBokehSettings:0    ; no bokeh simulation on slight out of focus]]
[2019.12.10-02.44.47:173][  0]LogConfig: Setting CVar [[r.DOF.TemporalAAQuality:1                ; more stable temporal accumulation]]
[2019.12.10-02.44.47:173][  0]LogConfig: Setting CVar [[r.DOF.Kernel.MaxForegroundRadius:0.025]]
[2019.12.10-02.44.47:173][  0]LogConfig: Setting CVar [[r.DOF.Kernel.MaxBackgroundRadius:0.025]]
[2019.12.10-02.44.47:173][  0]LogConfig: Applying CVar settings from Section [TextureQuality@3] File [C:/Users/u1101109/Desktop/GitHub/TheLab/Saved/Config/Windows/Scalability.ini]
[2019.12.10-02.44.47:173][  0]LogConfig: Setting CVar [[r.Streaming.MipBias:0]]
[2019.12.10-02.44.47:173][  0]LogConfig: Setting CVar [[r.Streaming.AmortizeCPUToGPUCopy:0]]
[2019.12.10-02.44.47:173][  0]LogConfig: Setting CVar [[r.Streaming.MaxNumTexturesToStreamPerFrame:0]]
[2019.12.10-02.44.47:173][  0]LogConfig: Setting CVar [[r.Streaming.Boost:1]]
[2019.12.10-02.44.47:173][  0]LogConfig: Setting CVar [[r.MaxAnisotropy:8]]
[2019.12.10-02.44.47:173][  0]LogConfig: Setting CVar [[r.Streaming.LimitPoolSizeToVRAM:0]]
[2019.12.10-02.44.47:173][  0]LogConfig: Setting CVar [[r.Streaming.PoolSize:1000]]
[2019.12.10-02.44.47:173][  0]LogConfig: Setting CVar [[r.Streaming.MaxEffectiveScreenSize:0]]
[2019.12.10-02.44.47:173][  0]LogConfig: Applying CVar settings from Section [EffectsQuality@3] File [C:/Users/u1101109/Desktop/GitHub/TheLab/Saved/Config/Windows/Scalability.ini]
[2019.12.10-02.44.47:173][  0]LogConfig: Setting CVar [[r.TranslucencyLightingVolumeDim:64]]
[2019.12.10-02.44.47:173][  0]LogConfig: Setting CVar [[r.RefractionQuality:2]]
[2019.12.10-02.44.47:173][  0]LogConfig: Setting CVar [[r.SSR.Quality:3]]
[2019.12.10-02.44.47:173][  0]LogConfig: Setting CVar [[r.SceneColorFormat:4]]
[2019.12.10-02.44.47:173][  0]LogConfig: Setting CVar [[r.DetailMode:2]]
[2019.12.10-02.44.47:173][  0]LogConfig: Setting CVar [[r.TranslucencyVolumeBlur:1]]
[2019.12.10-02.44.47:173][  0]LogConfig: Setting CVar [[r.MaterialQualityLevel:1 ; High quality]]
[2019.12.10-02.44.47:173][  0]LogConfig: Setting CVar [[r.SSS.Scale:1]]
[2019.12.10-02.44.47:173][  0]LogConfig: Setting CVar [[r.SSS.SampleSet:2]]
[2019.12.10-02.44.47:173][  0]LogConfig: Setting CVar [[r.SSS.Quality:1]]
[2019.12.10-02.44.47:173][  0]LogConfig: Setting CVar [[r.SSS.HalfRes:1]]
[2019.12.10-02.44.47:173][  0]LogConfig: Setting CVar [[r.EmitterSpawnRateScale:1.0]]
[2019.12.10-02.44.47:173][  0]LogConfig: Setting CVar [[r.ParticleLightQuality:2]]
[2019.12.10-02.44.47:173][  0]LogConfig: Applying CVar settings from Section [FoliageQuality@3] File [C:/Users/u1101109/Desktop/GitHub/TheLab/Saved/Config/Windows/Scalability.ini]
[2019.12.10-02.44.47:173][  0]LogConfig: Setting CVar [[foliage.DensityScale:1.0]]
[2019.12.10-02.44.47:173][  0]LogConfig: Setting CVar [[grass.DensityScale:1.0]]
[2019.12.10-02.44.47:173][  0]LogConfig: Applying CVar settings from Section [Startup] File [../../../Engine/Config/ConsoleVariables.ini]
[2019.12.10-02.44.47:173][  0]LogConfig: Setting CVar [[net.UseAdaptiveNetUpdateFrequency:0]]
[2019.12.10-02.44.47:173][  0]LogConfig: Setting CVar [[p.chaos.AllowCreatePhysxBodies:1]]
[2019.12.10-02.44.47:173][  0]LogConfig: Applying CVar settings from Section [ConsoleVariables] File [C:/Users/u1101109/Desktop/GitHub/TheLab/Saved/Config/Windows/Engine.ini]
[2019.12.10-02.44.47:173][  0]LogInit: Computer: MLPC-TC20
[2019.12.10-02.44.47:173][  0]LogInit: User: u1101109
[2019.12.10-02.44.47:173][  0]LogInit: CPU Page size=4096, Cores=4
[2019.12.10-02.44.47:173][  0]LogInit: High frequency timer resolution =3.328128 MHz
[2019.12.10-02.44.47:173][  0]LogMemory: Memory total: Physical=8.0GB (8GB approx)
[2019.12.10-02.44.47:173][  0]LogMemory: Platform Memory Stats for Windows
[2019.12.10-02.44.47:173][  0]LogMemory: Process Physical Memory: 99.29 MB used, 99.29 MB peak
[2019.12.10-02.44.47:173][  0]LogMemory: Process Virtual Memory: 87.83 MB used, 87.83 MB peak
[2019.12.10-02.44.47:173][  0]LogMemory: Physical Memory: 3117.49 MB used,  5033.22 MB free, 8150.71 MB total
[2019.12.10-02.44.47:173][  0]LogMemory: Virtual Memory: 4660.11 MB used,  134213064.00 MB free, 134217728.00 MB total
[2019.12.10-02.44.47:175][  0]LogWindows: WindowsPlatformFeatures enabled
[2019.12.10-02.44.47:195][  0]LogInit: Using OS detected language (en-US).
[2019.12.10-02.44.47:195][  0]LogInit: Using OS detected locale (en-US).
[2019.12.10-02.44.47:196][  0]LogTextLocalizationManager: No specific localization for 'en-US' exists, so the 'en' localization will be used.
[2019.12.10-02.44.47:350][  0]LogInit: Setting process to per monitor DPI aware
[2019.12.10-02.44.47:376][  0]LogSlate: New Slate User Created.  User Index 0, Is Virtual User: 0
[2019.12.10-02.44.47:376][  0]LogSlate: Slate User Registered.  User Index 0, Is Virtual User: 0
[2019.12.10-02.44.47:505][  0]LogHMD: Failed to initialize OpenVR with code 110
[2019.12.10-02.44.47:505][  0]LogD3D11RHI: D3D11 adapters:
[2019.12.10-02.44.47:547][  0]LogD3D11RHI:    0. 'NVIDIA GeForce GTX 1050' (Feature Level 11_0)
[2019.12.10-02.44.47:547][  0]LogD3D11RHI:       1987/0/4075 MB DedicatedVideo/DedicatedSystem/SharedSystem, Outputs:1, VendorId:0x10de
[2019.12.10-02.44.47:549][  0]LogD3D11RHI:    1. 'Microsoft Basic Render Driver' (Feature Level 11_0)
[2019.12.10-02.44.47:549][  0]LogD3D11RHI:       0/0/4075 MB DedicatedVideo/DedicatedSystem/SharedSystem, Outputs:0, VendorId:0x1414
[2019.12.10-02.44.47:549][  0]LogD3D11RHI: Chosen D3D11 Adapter: 0
[2019.12.10-02.44.47:554][  0]LogD3D11RHI: Creating new Direct3DDevice
[2019.12.10-02.44.47:554][  0]LogD3D11RHI:     GPU DeviceId: 0x1c81 (for the marketing name, search the web for "GPU Device Id")
[2019.12.10-02.44.47:554][  0]LogWindows: EnumDisplayDevices:
[2019.12.10-02.44.47:554][  0]LogWindows:    0. 'NVIDIA GeForce GTX 1050' (P:1 D:1)
[2019.12.10-02.44.47:555][  0]LogWindows:    1. 'NVIDIA GeForce GTX 1050' (P:0 D:0)
[2019.12.10-02.44.47:555][  0]LogWindows:    2. 'NVIDIA GeForce GTX 1050' (P:0 D:0)
[2019.12.10-02.44.47:555][  0]LogWindows:    3. 'NVIDIA GeForce GTX 1050' (P:0 D:0)
[2019.12.10-02.44.47:555][  0]LogWindows: DebugString: FoundDriverCount:4 
[2019.12.10-02.44.47:555][  0]LogD3D11RHI:     Adapter Name: NVIDIA GeForce GTX 1050
[2019.12.10-02.44.47:555][  0]LogD3D11RHI:   Driver Version: 388.71 (internal:23.21.13.8871, unified:388.71)
[2019.12.10-02.44.47:555][  0]LogD3D11RHI:      Driver Date: 12-15-2017
[2019.12.10-02.44.47:555][  0]LogRHI: Texture pool is 1391 MB (70% of 1987 MB)
[2019.12.10-02.44.47:576][  0]LogD3D11RHI: Async texture creation enabled
[2019.12.10-02.44.47:586][  0]LogD3D11RHI: GPU Timing Frequency: 1000.000000 (Debug: 2 1)
[2019.12.10-02.44.47:597][  0]LogWindowsTextInputMethodSystem: Display: IME system now deactivated.
[2019.12.10-02.44.49:323][  0]LogWindowsTextInputMethodSystem: Display: IME system now deactivated.
[2019.12.10-02.44.49:323][  0]LogWindowsTextInputMethodSystem: Display: IME system now deactivated.
[2019.12.10-02.44.49:567][  0]LogTemp: Display: Module 'AllDesktopTargetPlatform' loaded TargetPlatform 'AllDesktop'
[2019.12.10-02.44.49:574][  0]LogTemp: Display: Module 'MacClientTargetPlatform' loaded TargetPlatform 'MacClient'
[2019.12.10-02.44.49:582][  0]LogTemp: Display: Module 'MacNoEditorTargetPlatform' loaded TargetPlatform 'MacNoEditor'
[2019.12.10-02.44.49:590][  0]LogTemp: Display: Module 'MacServerTargetPlatform' loaded TargetPlatform 'MacServer'
[2019.12.10-02.44.49:597][  0]LogTemp: Display: Module 'MacTargetPlatform' loaded TargetPlatform 'Mac'
[2019.12.10-02.44.49:605][  0]LogTemp: Display: Module 'WindowsClientTargetPlatform' loaded TargetPlatform 'WindowsClient'
[2019.12.10-02.44.49:612][  0]LogTemp: Display: Module 'WindowsNoEditorTargetPlatform' loaded TargetPlatform 'WindowsNoEditor'
[2019.12.10-02.44.49:620][  0]LogTemp: Display: Module 'WindowsServerTargetPlatform' loaded TargetPlatform 'WindowsServer'
[2019.12.10-02.44.49:624][  0]LogTemp: Display: Module 'WindowsTargetPlatform' loaded TargetPlatform 'Windows'
[2019.12.10-02.44.49:652][  0]LogTemp: Display: Module 'AndroidTargetPlatform' loaded TargetPlatform 'Android'
[2019.12.10-02.44.49:652][  0]LogTemp: Display: Module 'AndroidTargetPlatform' loaded TargetPlatform 'Android_ASTC'
[2019.12.10-02.44.49:652][  0]LogTemp: Display: Module 'AndroidTargetPlatform' loaded TargetPlatform 'Android_ATC'
[2019.12.10-02.44.49:652][  0]LogTemp: Display: Module 'AndroidTargetPlatform' loaded TargetPlatform 'Android_DXT'
[2019.12.10-02.44.49:652][  0]LogTemp: Display: Module 'AndroidTargetPlatform' loaded TargetPlatform 'Android_ETC1'
[2019.12.10-02.44.49:652][  0]LogTemp: Display: Module 'AndroidTargetPlatform' loaded TargetPlatform 'Android_ETC1a'
[2019.12.10-02.44.49:652][  0]LogTemp: Display: Module 'AndroidTargetPlatform' loaded TargetPlatform 'Android_ETC2'
[2019.12.10-02.44.49:652][  0]LogTemp: Display: Module 'AndroidTargetPlatform' loaded TargetPlatform 'Android_PVRTC'
[2019.12.10-02.44.49:652][  0]LogTemp: Display: Module 'AndroidTargetPlatform' loaded TargetPlatform 'AndroidClient'
[2019.12.10-02.44.49:652][  0]LogTemp: Display: Module 'AndroidTargetPlatform' loaded TargetPlatform 'Android_ASTCClient'
[2019.12.10-02.44.49:652][  0]LogTemp: Display: Module 'AndroidTargetPlatform' loaded TargetPlatform 'Android_ATCClient'
[2019.12.10-02.44.49:652][  0]LogTemp: Display: Module 'AndroidTargetPlatform' loaded TargetPlatform 'Android_DXTClient'
[2019.12.10-02.44.49:652][  0]LogTemp: Display: Module 'AndroidTargetPlatform' loaded TargetPlatform 'Android_ETC1Client'
[2019.12.10-02.44.49:652][  0]LogTemp: Display: Module 'AndroidTargetPlatform' loaded TargetPlatform 'Android_ETC1aClient'
[2019.12.10-02.44.49:652][  0]LogTemp: Display: Module 'AndroidTargetPlatform' loaded TargetPlatform 'Android_ETC2Client'
[2019.12.10-02.44.49:652][  0]LogTemp: Display: Module 'AndroidTargetPlatform' loaded TargetPlatform 'Android_PVRTCClient'
[2019.12.10-02.44.49:652][  0]LogTemp: Display: Module 'AndroidTargetPlatform' loaded TargetPlatform 'Android_Multi'
[2019.12.10-02.44.49:652][  0]LogTemp: Display: Module 'AndroidTargetPlatform' loaded TargetPlatform 'Android_MultiClient'
[2019.12.10-02.44.49:654][  0]LogTemp: Display: Module 'HTML5TargetPlatform' loaded TargetPlatform 'HTML5'
[2019.12.10-02.44.49:667][  0]LogTemp: Display: Module 'IOSTargetPlatform' loaded TargetPlatform 'IOSClient'
[2019.12.10-02.44.49:667][  0]LogTemp: Display: Module 'IOSTargetPlatform' loaded TargetPlatform 'IOS'
[2019.12.10-02.44.49:679][  0]LogTemp: Display: Module 'TVOSTargetPlatform' loaded TargetPlatform 'TVOSClient'
[2019.12.10-02.44.49:679][  0]LogTemp: Display: Module 'TVOSTargetPlatform' loaded TargetPlatform 'TVOS'
[2019.12.10-02.44.49:685][  0]LogTemp: Display: Module 'LinuxClientTargetPlatform' loaded TargetPlatform 'LinuxClient'
[2019.12.10-02.44.49:691][  0]LogTemp: Display: Module 'LinuxNoEditorTargetPlatform' loaded TargetPlatform 'LinuxNoEditor'
[2019.12.10-02.44.49:697][  0]LogTemp: Display: Module 'LinuxServerTargetPlatform' loaded TargetPlatform 'LinuxServer'
[2019.12.10-02.44.49:704][  0]LogTemp: Display: Module 'LinuxTargetPlatform' loaded TargetPlatform 'Linux'
[2019.12.10-02.44.49:724][  0]LogTemp: Display: Module 'LuminTargetPlatform' loaded TargetPlatform 'Lumin'
[2019.12.10-02.44.49:724][  0]LogTemp: Display: Module 'LuminTargetPlatform' loaded TargetPlatform 'LuminClient'
[2019.12.10-02.44.49:724][  0]LogTargetPlatformManager: Display: Building Assets For Windows
[2019.12.10-02.44.49:732][  0]LogAudioDebug: Display: Lib vorbis DLL was dynamically loaded.
[2019.12.10-02.44.49:779][  0]LogShaderCompilers: Guid format shader working directory is -6 characters bigger than the processId version (../../../../../../Users/u1101109/Desktop/GitHub/TheLab/Intermediate/Shaders/WorkingDirectory/11180/).
[2019.12.10-02.44.49:779][  0]LogShaderCompilers: Cleaned the shader compiler working directory 'C:/Users/u1101109/AppData/Local/Temp/UnrealShaderWorkingDir/EA56F0F8464BBC9B35400DA185BD43B8/'.
[2019.12.10-02.44.49:781][  0]LogXGEController: Cleaning working directory: C:/Users/u1101109/AppData/Local/Temp/UnrealXGEWorkingDir/
[2019.12.10-02.44.49:782][  0]LogShaderCompilers: Display: Using XGE Shader Compiler (Interception Interface).
[2019.12.10-02.44.50:329][  0]LogDerivedDataCache: Display: Max Cache Size: 512 MB
[2019.12.10-02.44.50:383][  0]LogDerivedDataCache: Loaded boot cache 0.05s 73MB C:/Users/u1101109/AppData/Local/UnrealEngine/4.23/DerivedDataCache/Boot.ddc.
[2019.12.10-02.44.50:383][  0]LogDerivedDataCache: Display: Loaded Boot cache: C:/Users/u1101109/AppData/Local/UnrealEngine/4.23/DerivedDataCache/Boot.ddc
[2019.12.10-02.44.50:383][  0]LogDerivedDataCache: FDerivedDataBackendGraph:  Pak pak cache file ../../../../../../Users/u1101109/Desktop/GitHub/TheLab/DerivedDataCache/DDC.ddp not found, will not use a pak cache.
[2019.12.10-02.44.50:383][  0]LogDerivedDataCache: Unable to find inner node Pak for hierarchical cache Hierarchy.
[2019.12.10-02.44.50:383][  0]LogDerivedDataCache: FDerivedDataBackendGraph:  CompressedPak pak cache file ../../../../../../Users/u1101109/Desktop/GitHub/TheLab/DerivedDataCache/Compressed.ddp not found, will not use a pak cache.
[2019.12.10-02.44.50:383][  0]LogDerivedDataCache: Unable to find inner node CompressedPak for hierarchical cache Hierarchy.
[2019.12.10-02.44.50:393][  0]LogDerivedDataCache: Display: Pak cache opened for reading ../../../Engine/DerivedDataCache/Compressed.ddp.
[2019.12.10-02.44.50:393][  0]LogDerivedDataCache: FDerivedDataBackendGraph:  EnterprisePak pak cache file ../../../Enterprise/DerivedDataCache/Compressed.ddp not found, will not use a pak cache.
[2019.12.10-02.44.50:393][  0]LogDerivedDataCache: Unable to find inner node EnterprisePak for hierarchical cache Hierarchy.
[2019.12.10-02.44.50:394][  0]LogDerivedDataCache: Using Local data cache path C:/Users/u1101109/AppData/Local/UnrealEngine/Common/DerivedDataCache: Writable
[2019.12.10-02.44.50:394][  0]LogDerivedDataCache: Shared data cache path not found in *engine.ini, will not use an Shared cache.
[2019.12.10-02.44.50:394][  0]LogDerivedDataCache: Unable to find inner node Shared for hierarchical cache Hierarchy.
[2019.12.10-02.44.50:413][  0]LogMaterial: Verifying Global Shaders for PCD3D_SM5
[2019.12.10-02.44.50:415][  0]LogSlate: Using FreeType 2.6.0
[2019.12.10-02.44.50:415][  0]LogSlate: SlateFontServices - WITH_FREETYPE: 1, WITH_HARFBUZZ: 1
[2019.12.10-02.44.50:464][  0]LogAssetRegistry: FAssetRegistry took 0.0019 seconds to start up
[2019.12.10-02.44.50:694][  0]LogInit: Selected Device Profile: [Windows]
[2019.12.10-02.44.50:737][  0]LogMeshReduction: Using QuadricMeshReduction for automatic static mesh reduction
[2019.12.10-02.44.50:737][  0]LogMeshReduction: Using SimplygonMeshReduction for automatic skeletal mesh reduction
[2019.12.10-02.44.50:737][  0]LogMeshReduction: Using ProxyLODMeshReduction for automatic mesh merging
[2019.12.10-02.44.50:737][  0]LogMeshReduction: No distributed automatic mesh merging module available
[2019.12.10-02.44.50:737][  0]LogMeshMerging: No distributed automatic mesh merging module available
[2019.12.10-02.44.50:832][  0]LogNetVersion: TheLab 1.0.0, NetCL: 8386587, EngineNetVer: 11, GameNetVer: 0 (Checksum: 1034946093)
[2019.12.10-02.44.51:187][  0]LogPackageLocalizationCache: Processed 12 localized package path(s) for 1 prioritized culture(s) in 0.032195 seconds
[2019.12.10-02.44.51:194][  0]LogUObjectArray: 43444 objects as part of root set at end of initial load.
[2019.12.10-02.44.51:194][  0]LogUObjectAllocator: 7548648 out of 0 bytes used by permanent object pool.
[2019.12.10-02.44.51:194][  0]LogUObjectArray: CloseDisregardForGC: 0/0 objects in disregard for GC pool
[2019.12.10-02.44.51:987][  0]LogTcpMessaging: Initializing TcpMessaging bridge
[2019.12.10-02.44.51:990][  0]LogUdpMessaging: Initializing bridge on interface 0.0.0.0:0 to multicast group 230.0.0.1:6666.
[2019.12.10-02.44.52:039][  0]SourceControl: Source control is disabled
[2019.12.10-02.44.52:039][  0]SourceControl: Source control is disabled
[2019.12.10-02.44.52:040][  0]SourceControl: Source control is disabled
[2019.12.10-02.44.52:041][  0]SourceControl: Source control is disabled
[2019.12.10-02.44.52:122][  0]LogAndroidPermission: UAndroidPermissionCallbackProxy::GetInstance
[2019.12.10-02.44.52:198][  0]LogOcInput: OculusInput pre-init called
[2019.12.10-02.44.52:203][  0]LogWindows: Failed to load 'OVRPlugin.dll' (GetLastError=126)
[2019.12.10-02.44.52:204][  0]LogWindows: File 'OVRPlugin.dll' does not exist
[2019.12.10-02.44.52:264][  0]LogEngine: Initializing Engine...
[2019.12.10-02.44.52:265][  0]LogHMD: Failed to initialize OpenVR with code 110
[2019.12.10-02.44.52:266][  0]LogStats: UGameplayTagsManager::InitializeManager -  0.000 s
[2019.12.10-02.44.52:474][  0]LogInit: Initializing FReadOnlyCVARCache
[2019.12.10-02.44.52:488][  0]LogAIModule: Creating AISystem for world Untitled
[2019.12.10-02.44.52:545][  0]LogInit: XAudio2 using 'Realtek Digital Output (Realtek High Definition Audio)' : 2 channels at 48 kHz using 16 bits per sample (channel mask 0x3)
[2019.12.10-02.44.52:559][  0]LogInit: FAudioDevice initialized.
[2019.12.10-02.44.52:559][  0]LogNetVersion: Set ProjectVersion to 1.0.0.0. Version Checksum will be recalculated on next use.
[2019.12.10-02.44.52:647][  0]LogDerivedDataCache: Saved boot cache 0.09s 73MB C:/Users/u1101109/AppData/Local/UnrealEngine/4.23/DerivedDataCache/Boot.ddc.
[2019.12.10-02.44.52:652][  0]LogInit: Texture streaming: Enabled
[2019.12.10-02.44.52:668][  0]LogEngineSessionManager: EngineSessionManager initialized
[2019.12.10-02.44.52:668][  0]LogEditorSessionSummary: Verbose: Initializing EditorSessionSummaryWriter for editor session tracking
[2019.12.10-02.44.52:669][  0]LogEditorSessionSummary: EditorSessionSummaryWriter initialized
[2019.12.10-02.44.52:702][  0]LogInit: Transaction tracking system initialized
[2019.12.10-02.44.52:731][  0]BlueprintLog: New page: Editor Load
[2019.12.10-02.44.52:807][  0]LocalizationService: Localization service is disabled
[2019.12.10-02.44.53:013][  0]LogCook: Display: Max memory allowance for cook 16384mb min free memory 0mb
[2019.12.10-02.44.53:013][  0]LogCook: Display: Mobile HDR setting 1
[2019.12.10-02.44.53:175][  0]LogFileCache: Scanning file cache for directory 'C:/Users/u1101109/Desktop/GitHub/TheLab/Content/' took 0.02s
[2019.12.10-02.44.53:175][  0]SourceControl: Source control is disabled
[2019.12.10-02.44.53:175][  0]Cmd: MAP LOAD FILE="../../../../../../Users/u1101109/Desktop/GitHub/TheLab/Content/ThirdPersonBP/Maps/ThirdPersonExampleMap.umap" TEMPLATE=0 SHOWPROGRESS=1 FEATURELEVEL=3
[2019.12.10-02.44.53:175][  0]LightingResults: New page: Lighting Build
[2019.12.10-02.44.53:178][  0]LogWorld: UWorld::CleanupWorld for Untitled, bSessionEnded=true, bCleanupResources=true
[2019.12.10-02.44.53:178][  0]MapCheck: New page: Map Check
[2019.12.10-02.44.53:178][  0]LightingResults: New page: Lighting Build
[2019.12.10-02.44.53:202][  0]LogUObjectHash: Compacting FUObjectHashTables data took   1.55ms
[2019.12.10-02.44.53:509][  0]LogAIModule: Creating AISystem for world ThirdPersonExampleMap
[2019.12.10-02.44.53:518][  0]LogEditorServer: Finished looking for orphan Actors (0.000 secs)
[2019.12.10-02.44.53:545][  0]LogUObjectHash: Compacting FUObjectHashTables data took   1.90ms
[2019.12.10-02.44.53:545][  0]Cmd: MAP CHECKDEP NOCLEARLOG
[2019.12.10-02.44.53:545][  0]MapCheck: Map check complete: 0 Error(s), 0 Warning(s), took 0.146ms to complete.
[2019.12.10-02.44.53:545][  0]LogFileHelpers: Loading map 'ThirdPersonExampleMap' took 0.370
[2019.12.10-02.44.53:628][  0]LogSlate: Updating window title bar state: overlay mode, drag disabled, window buttons hidden, title bar hidden
[2019.12.10-02.44.53:634][  0]LogSlate: Updating window title bar state: overlay mode, drag disabled, window buttons hidden, title bar hidden
[2019.12.10-02.44.53:640][  0]LogSlate: Updating window title bar state: overlay mode, drag disabled, window buttons hidden, title bar hidden
[2019.12.10-02.44.53:646][  0]LogSlate: Updating window title bar state: overlay mode, drag disabled, window buttons hidden, title bar hidden
[2019.12.10-02.44.53:652][  0]LogCollectionManager: Loaded 0 collections in 0.001748 seconds
[2019.12.10-02.44.53:657][  0]LogFileCache: Scanning file cache for directory 'C:/Users/u1101109/Desktop/GitHub/TheLab/Saved/Collections/' took 0.00s
[2019.12.10-02.44.53:657][  0]LogFileCache: Scanning file cache for directory 'C:/Users/u1101109/Desktop/GitHub/TheLab/Content/Developers/u1101109/Collections/' took 0.00s
[2019.12.10-02.44.53:657][  0]LogFileCache: Scanning file cache for directory 'C:/Users/u1101109/Desktop/GitHub/TheLab/Content/Collections/' took 0.00s
[2019.12.10-02.44.53:657][  0]LogCollectionManager: Rebuilt the GUID cache for 0 collections in 0.000002 seconds
[2019.12.10-02.44.53:664][  0]LogContentBrowser: Native class hierarchy populated in 0.0070 seconds. Added 2863 classes and 680 folders.
[2019.12.10-02.44.53:670][  0]LogContentBrowser: Native class hierarchy updated for 'WidgetCarousel' in 0.0002 seconds. Added 0 classes and 0 folders.
[2019.12.10-02.44.53:705][  0]LogContentBrowser: Native class hierarchy updated for 'AddContentDialog' in 0.0002 seconds. Added 0 classes and 0 folders.
[2019.12.10-02.44.53:709][  0]LogContentBrowser: Native class hierarchy updated for 'SceneOutliner' in 0.0002 seconds. Added 1 classes and 2 folders.
[2019.12.10-02.44.53:720][  0]LogSlate: Took 0.000131 seconds to synchronously load lazily loaded font '../../../Engine/Content/Slate/Fonts/Roboto-Bold.ttf' (160K)
[2019.12.10-02.44.53:722][  0]LogSlate: Took 0.000130 seconds to synchronously load lazily loaded font '../../../Engine/Content/Slate/Fonts/Roboto-Regular.ttf' (155K)
[2019.12.10-02.44.53:729][  0]LogContentBrowser: Native class hierarchy updated for 'HierarchicalLODOutliner' in 0.0002 seconds. Added 0 classes and 0 folders.
[2019.12.10-02.44.53:729][  0]LogLoad: (Engine Initialization) Total time: 7.59 seconds
[2019.12.10-02.44.53:729][  0]LogLoad: (Engine Initialization) Total Blueprint compile time: 0.00 seconds
[2019.12.10-02.44.53:784][  0]LogContentStreaming: Texture pool size now 1000 MB
[2019.12.10-02.44.53:788][  0]LogSlate: Took 0.000143 seconds to synchronously load lazily loaded font '../../../Engine/Content/Editor/Slate/Fonts/FontAwesome.ttf' (139K)
[2019.12.10-02.44.53:828][  0]LogSlate: Took 0.000160 seconds to synchronously load lazily loaded font '../../../Engine/Content/Slate/Fonts/Roboto-Light.ttf' (167K)
[2019.12.10-02.44.53:864][  1]LogRenderer: Reallocating scene render targets to support 804x360 Format 10 NumSamples 1 (Frame:1).
[2019.12.10-02.44.53:864][  1]LogAssetRegistry: Asset discovery search completed in 3.3999 seconds
[2019.12.10-02.44.53:869][  1]LogCollectionManager: Rebuilt the object cache for 0 collections in 0.000004 seconds (found 0 objects)
[2019.12.10-02.44.53:869][  1]LogCollectionManager: Fixed up redirectors for 0 collections in 0.000089 seconds (updated 0 objects)
[2019.12.10-02.44.55:410][175]LogSlate: FSceneViewport::OnFocusLost() reason 0
[2019.12.10-02.44.55:525][187]LogRenderer: Reallocating scene render targets to support 1208x572 Format 10 NumSamples 1 (Frame:177).
[2019.12.10-02.44.56:844][342]LogTemp: Repeating last play command: Selected Viewport
[2019.12.10-02.44.56:856][342]LogBlueprintUserMessages: Early PlayInEditor Detection: Level '/Game/ThirdPersonBP/Maps/ThirdPersonExampleMap.ThirdPersonExampleMap:PersistentLevel' has LevelScriptBlueprint '/Game/ThirdPersonBP/Maps/ThirdPersonExampleMap.ThirdPersonExampleMap:PersistentLevel.ThirdPersonExampleMap' with GeneratedClass '/Game/ThirdPersonBP/Maps/ThirdPersonExampleMap.ThirdPersonExampleMap_C' with ClassGeneratedBy '/Game/ThirdPersonBP/Maps/ThirdPersonExampleMap.ThirdPersonExampleMap:PersistentLevel.ThirdPersonExampleMap'
[2019.12.10-02.44.56:856][342]LogPlayLevel: PlayLevel: No blueprints needed recompiling
[2019.12.10-02.44.56:858][342]PIE: New page: PIE session: ThirdPersonExampleMap (Dec 9, 2019, 12:44:56 PM)
[2019.12.10-02.44.56:859][342]LogOnline: OSS: Creating online subsystem instance for: NULL
[2019.12.10-02.44.56:860][342]LogPlayLevel: Creating play world package: /Game/ThirdPersonBP/Maps/UEDPIE_0_ThirdPersonExampleMap
[2019.12.10-02.44.56:875][342]LogPlayLevel: PIE: StaticDuplicateObject took: (0.015231s)
[2019.12.10-02.44.56:877][342]LogAIModule: Creating AISystem for world ThirdPersonExampleMap
[2019.12.10-02.44.56:877][342]LogPlayLevel: PIE: World Init took: (0.001286s)
[2019.12.10-02.44.56:877][342]LogPlayLevel: PIE: Created PIE world by copying editor world from /Game/ThirdPersonBP/Maps/ThirdPersonExampleMap.ThirdPersonExampleMap to /Game/ThirdPersonBP/Maps/UEDPIE_0_ThirdPersonExampleMap.ThirdPersonExampleMap (0.016941s)
[2019.12.10-02.44.56:900][342]LogUObjectHash: Compacting FUObjectHashTables data took   1.18ms
[2019.12.10-02.44.56:903][342]LogInit: XAudio2 using 'Realtek Digital Output (Realtek High Definition Audio)' : 2 channels at 48 kHz using 16 bits per sample (channel mask 0x3)
[2019.12.10-02.44.56:914][342]LogInit: FAudioDevice initialized.
[2019.12.10-02.44.56:928][342]LogLoad: Game class is 'ThirdPersonGameMode_C'
[2019.12.10-02.44.56:931][342]LogWorld: Bringing World /Game/ThirdPersonBP/Maps/UEDPIE_0_ThirdPersonExampleMap.ThirdPersonExampleMap up for play (max tick rate 0) at 2019.12.09-19.44.56
[2019.12.10-02.44.56:931][342]LogWorld: Bringing up level for play took: 0.002116
[2019.12.10-02.44.56:931][342]LogOnline: OSS: Creating online subsystem instance for: :Context_2
[2019.12.10-02.44.56:944][342]LogContentBrowser: Native class hierarchy updated for 'MovieSceneCapture' in 0.0002 seconds. Added 20 classes and 0 folders.
[2019.12.10-02.44.56:945][342]PIE: Play in editor start time for /Game/ThirdPersonBP/Maps/UEDPIE_0_ThirdPersonExampleMap -0.349
[2019.12.10-02.44.56:945][342]LogBlueprintUserMessages: Late PlayInEditor Detection: Level '/Game/ThirdPersonBP/Maps/ThirdPersonExampleMap.ThirdPersonExampleMap:PersistentLevel' has LevelScriptBlueprint '/Game/ThirdPersonBP/Maps/ThirdPersonExampleMap.ThirdPersonExampleMap:PersistentLevel.ThirdPersonExampleMap' with GeneratedClass '/Game/ThirdPersonBP/Maps/ThirdPersonExampleMap.ThirdPersonExampleMap_C' with ClassGeneratedBy '/Game/ThirdPersonBP/Maps/ThirdPersonExampleMap.ThirdPersonExampleMap:PersistentLevel.ThirdPersonExampleMap'
[2019.12.10-02.45.03:242][ 92]LogBlueprintUserMessages: Early EndPlayMap Detection: Level '/Game/ThirdPersonBP/Maps/ThirdPersonExampleMap.ThirdPersonExampleMap:PersistentLevel' has LevelScriptBlueprint '/Game/ThirdPersonBP/Maps/ThirdPersonExampleMap.ThirdPersonExampleMap:PersistentLevel.ThirdPersonExampleMap' with GeneratedClass '/Game/ThirdPersonBP/Maps/ThirdPersonExampleMap.ThirdPersonExampleMap_C' with ClassGeneratedBy '/Game/ThirdPersonBP/Maps/ThirdPersonExampleMap.ThirdPersonExampleMap:PersistentLevel.ThirdPersonExampleMap'
[2019.12.10-02.45.03:248][ 92]LogSlate: Updating window title bar state: overlay mode, drag disabled, window buttons hidden, title bar hidden
[2019.12.10-02.45.03:248][ 92]LogWorld: BeginTearingDown for /Game/ThirdPersonBP/Maps/UEDPIE_0_ThirdPersonExampleMap
[2019.12.10-02.45.03:248][ 92]LogWorld: UWorld::CleanupWorld for ThirdPersonExampleMap, bSessionEnded=true, bCleanupResources=true
[2019.12.10-02.45.03:254][ 92]LogPlayLevel: Display: Shutting down PIE online subsystems
[2019.12.10-02.45.03:254][ 92]LogBlueprintUserMessages: Late EndPlayMap Detection: Level '/Game/ThirdPersonBP/Maps/ThirdPersonExampleMap.ThirdPersonExampleMap:PersistentLevel' has LevelScriptBlueprint '/Game/ThirdPersonBP/Maps/ThirdPersonExampleMap.ThirdPersonExampleMap:PersistentLevel.ThirdPersonExampleMap' with GeneratedClass '/Game/ThirdPersonBP/Maps/ThirdPersonExampleMap.ThirdPersonExampleMap_C' with ClassGeneratedBy '/Game/ThirdPersonBP/Maps/ThirdPersonExampleMap.ThirdPersonExampleMap:PersistentLevel.ThirdPersonExampleMap'
[2019.12.10-02.45.03:282][ 92]LogSlate: Updating window title bar state: overlay mode, drag disabled, window buttons hidden, title bar hidden
[2019.12.10-02.45.03:284][ 92]LogUObjectHash: Compacting FUObjectHashTables data took   1.56ms
[2019.12.10-02.45.03:346][ 99]LogPlayLevel: Display: Destroying online subsystem :Context_2
[2019.12.10-02.45.08:179][678]LogSlate: FSceneViewport::OnFocusLost() reason 0
[2019.12.10-02.45.53:967][966]LogEditorSessionSummary: EditorSessionSummary sent report. Type=Shutdown, SessionId={428F6F94-42F7-16DE-C871-E6B1A63B1DFF}
[2019.12.10-02.54.51:608][568]LogSlate: Took 0.000183 seconds to synchronously load lazily loaded font '../../../Engine/Content/Slate/Fonts/Roboto-Light.ttf' (167K)
[2019.12.10-02.54.54:958][578]LogEditorSessionSummary: EditorSessionSummary sent report. Type=Shutdown, SessionId={32AC230B-4D1C-55FF-09DF-9D845AFDFBBE}
[2019.12.10-03.31.03:812][634]LogFactory: FactoryCreateFile: StaticMesh with FbxFactory (0 0 ../../../../../../Users/u1101109/Desktop/Dr. Schmeer Complete Animation/dr_crawl_001.fbx)
[2019.12.10-03.31.03:858][634]LogFbx: Loading FBX Scene from ../../../../../../Users/u1101109/Desktop/Dr. Schmeer Complete Animation/dr_crawl_001.fbx
[2019.12.10-03.31.03:896][634]LogFbx: FBX Scene Loaded Succesfully
[2019.12.10-03.31.13:189][634]LogSlate: Window 'FBX Import Options' being destroyed
[2019.12.10-03.31.13:238][634]FBXImport: Error: Mesh contains DrSchmeer_EyelashFix bone as root but animation doesn't contain the root track.
Import failed. 
[2019.12.10-03.31.13:238][634]FBXImport: Error: Import failed. 
[2019.12.10-03.31.18:353][634]LogSlate: Window 'Message' being destroyed
[2019.12.10-03.31.18:356][634]LogAssetTools: Warning: Failed to import '../../../../../../Users/u1101109/Desktop/Dr. Schmeer Complete Animation/dr_crawl_001.fbx'. Failed to create asset '/Game/ThirdPersonBP/Characters/Dr_Schemeer_Animations/Dr_Crawl_001/dr_crawl_001'.
Please see Output Log for details.
[2019.12.10-03.31.24:800][387]LogSlate: Window 'Message Log' being destroyed
[2019.12.10-03.31.24:803][387]LogSlate: Window 'Message Log' being destroyed
[2019.12.10-03.31.49:787][919]LogFactory: FactoryCreateFile: StaticMesh with FbxFactory (0 0 ../../../../../../Users/u1101109/Desktop/Dr. Schmeer Complete Animation/dr_crawl_001.fbx)
[2019.12.10-03.31.49:798][919]LogFbx: Loading FBX Scene from ../../../../../../Users/u1101109/Desktop/Dr. Schmeer Complete Animation/dr_crawl_001.fbx
[2019.12.10-03.31.49:831][919]LogFbx: FBX Scene Loaded Succesfully
[2019.12.10-03.32.01:353][919]LogSlate: Window 'FBX Import Options' being destroyed
[2019.12.10-03.32.01:377][919]FBXImport: Error: Mesh contains DrSchmeer_EyelashFix bone as root but animation doesn't contain the root track.
Import failed. 
[2019.12.10-03.32.01:377][919]FBXImport: Error: Import failed. 
[2019.12.10-03.32.06:339][919]LogSlate: Window 'Message' being destroyed
[2019.12.10-03.32.06:342][919]LogAssetTools: Warning: Failed to import '../../../../../../Users/u1101109/Desktop/Dr. Schmeer Complete Animation/dr_crawl_001.fbx'. Failed to create asset '/Game/ThirdPersonBP/Characters/Dr_Schemeer_Animations/Dr_Crawl_001/dr_crawl_001'.
Please see Output Log for details.
[2019.12.10-03.32.15:759][ 32]LogSlate: Window 'Message Log' being destroyed
[2019.12.10-03.32.15:762][ 32]LogSlate: Window 'Message Log' being destroyed
[2019.12.10-03.32.50:410][418]LogFactory: FactoryCreateFile: StaticMesh with FbxFactory (0 0 ../../../../../../Users/u1101109/Desktop/Dr. Schmeer Complete Animation/dr_crawl_001.fbx)
[2019.12.10-03.32.50:425][418]LogFbx: Loading FBX Scene from ../../../../../../Users/u1101109/Desktop/Dr. Schmeer Complete Animation/dr_crawl_001.fbx
[2019.12.10-03.32.50:489][418]LogFbx: FBX Scene Loaded Succesfully
[2019.12.10-03.33.08:026][418]LogSlate: Window 'FBX Import Options' being destroyed
[2019.12.10-03.33.08:056][418]LogFbx: Valid bind pose for Pose (skinCluster1) - default1
[2019.12.10-03.33.08:056][418]LogFbx: Valid bind pose for Pose (skinCluster2) - default1
[2019.12.10-03.33.08:056][418]LogFbx: Warning: Not valid bind pose for Pose (skinCluster3) - Node default1 : The relative matrices do not match
[2019.12.10-03.33.08:057][418]LogFbx: Warning: Not valid bind pose for Pose (skinCluster3) - Node Eyelashes : The relative matrices do not match
[2019.12.10-03.33.08:057][418]LogFbx: Warning: Not valid bind pose for Pose (skinCluster3) - Node Body : The relative matrices do not match
[2019.12.10-03.33.08:057][418]LogFbx: Warning: Not valid bind pose for Pose (skinCluster3) - Node Tops : The relative matrices do not match
[2019.12.10-03.33.08:058][418]LogFbx: Warning: Not valid bind pose for Pose (skinCluster3) - Node Bottoms : The relative matrices do not match
[2019.12.10-03.33.08:058][418]LogFbx: Warning: Not valid bind pose for Pose (skinCluster3) - Node Shoes : The relative matrices do not match
[2019.12.10-03.33.08:058][418]LogFbx: Warning: Not valid bind pose for Pose (skinCluster3) - Node Hair : The relative matrices do not match
[2019.12.10-03.33.08:059][418]LogFbx: Warning: Not valid bind pose for Pose (skinCluster4) - Node default1 : The relative matrices do not match
[2019.12.10-03.33.08:059][418]LogFbx: Warning: Not valid bind pose for Pose (skinCluster4) - Node Eyelashes : The relative matrices do not match
[2019.12.10-03.33.08:059][418]LogFbx: Warning: Not valid bind pose for Pose (skinCluster4) - Node Body : The relative matrices do not match
[2019.12.10-03.33.08:059][418]LogFbx: Warning: Not valid bind pose for Pose (skinCluster4) - Node Tops : The relative matrices do not match
[2019.12.10-03.33.08:059][418]LogFbx: Warning: Not valid bind pose for Pose (skinCluster4) - Node Bottoms : The relative matrices do not match
[2019.12.10-03.33.08:060][418]LogFbx: Warning: Not valid bind pose for Pose (skinCluster4) - Node Shoes : The relative matrices do not match
[2019.12.10-03.33.08:060][418]LogFbx: Warning: Not valid bind pose for Pose (skinCluster4) - Node Hair : The relative matrices do not match
[2019.12.10-03.33.08:060][418]LogFbx: Warning: Not valid bind pose for Pose (skinCluster5) - Node default1 : The relative matrices do not match
[2019.12.10-03.33.08:060][418]LogFbx: Warning: Not valid bind pose for Pose (skinCluster5) - Node Eyelashes : The relative matrices do not match
[2019.12.10-03.33.08:060][418]LogFbx: Warning: Not valid bind pose for Pose (skinCluster5) - Node Body : The relative matrices do not match
[2019.12.10-03.33.08:060][418]LogFbx: Warning: Not valid bind pose for Pose (skinCluster5) - Node Tops : The relative matrices do not match
[2019.12.10-03.33.08:060][418]LogFbx: Warning: Not valid bind pose for Pose (skinCluster5) - Node Bottoms : The relative matrices do not match
[2019.12.10-03.33.08:060][418]LogFbx: Warning: Not valid bind pose for Pose (skinCluster5) - Node Shoes : The relative matrices do not match
[2019.12.10-03.33.08:060][418]LogFbx: Warning: Not valid bind pose for Pose (skinCluster5) - Node Hair : The relative matrices do not match
[2019.12.10-03.33.08:060][418]LogFbx: Valid bind pose for Pose (skinCluster6) - default1
[2019.12.10-03.33.08:060][418]LogFbx: Valid bind pose for Pose (skinCluster7) - default1
[2019.12.10-03.33.08:591][418]LogMaterial: Display: Material /Game/ThirdPersonBP/Characters/Dr_Schemeer_Animations/Dr_Crawl_001/Bodymat.Bodymat needed to have new flag set bUsedWithSkeletalMesh !
[2019.12.10-03.33.08:595][418]LogMaterial: Display: Missing cached shader map for material Bodymat, compiling. 
[2019.12.10-03.33.08:672][418]LogLinker: Failed to load '/Game/ThirdPersonBP/Characters/Dr_Schemeer_Animations/Dr_Crawl_001/DrSchmeer_Body_Diffuse': Can't find file.
[2019.12.10-03.33.08:672][418]LogLinker: Failed to load '/Game/ThirdPersonBP/Characters/Dr_Schemeer_Animations/Dr_Crawl_001/DrSchmeer_Body_Diffuse': Can't find file.
[2019.12.10-03.33.08:721][418]LogTexture: Display: Building textures: DrSchmeer_Body_Diffuse (AutoDXT, 1024X1024)
[2019.12.10-03.33.09:546][418]LogLinker: Failed to load '/Game/ThirdPersonBP/Characters/Dr_Schemeer_Animations/Dr_Crawl_001/DrSchmeer_Body_Specular': Can't find file.
[2019.12.10-03.33.09:546][418]LogLinker: Failed to load '/Game/ThirdPersonBP/Characters/Dr_Schemeer_Animations/Dr_Crawl_001/DrSchmeer_Body_Specular': Can't find file.
[2019.12.10-03.33.09:565][418]LogTexture: Display: Building textures: DrSchmeer_Body_Specular (AutoDXT, 1024X1024)
[2019.12.10-03.33.09:733][418]LogLinker: Failed to load '/Game/ThirdPersonBP/Characters/Dr_Schemeer_Animations/Dr_Crawl_001/DrSchmeer_Body_Gloss': Can't find file.
[2019.12.10-03.33.09:733][418]LogLinker: Failed to load '/Game/ThirdPersonBP/Characters/Dr_Schemeer_Animations/Dr_Crawl_001/DrSchmeer_Body_Gloss': Can't find file.
[2019.12.10-03.33.09:755][418]LogTexture: Display: Building textures: DrSchmeer_Body_Gloss (AutoDXT, 1024X1024)
[2019.12.10-03.33.09:993][418]LogLinker: Failed to load '/Game/ThirdPersonBP/Characters/Dr_Schemeer_Animations/Dr_Crawl_001/DrSchmeer_Body_Normal': Can't find file.
[2019.12.10-03.33.09:993][418]LogLinker: Failed to load '/Game/ThirdPersonBP/Characters/Dr_Schemeer_Animations/Dr_Crawl_001/DrSchmeer_Body_Normal': Can't find file.
[2019.12.10-03.33.10:030][418]LogTexture: Display: Building textures: DrSchmeer_Body_Normal (BC5, 1024X1024)
[2019.12.10-03.33.10:144][418]LogLinker: Failed to load '/Game/ThirdPersonBP/Characters/Dr_Schemeer_Animations/Dr_Crawl_001/DrSchmeer_Body_Opacity': Can't find file.
[2019.12.10-03.33.10:144][418]LogLinker: Failed to load '/Game/ThirdPersonBP/Characters/Dr_Schemeer_Animations/Dr_Crawl_001/DrSchmeer_Body_Opacity': Can't find file.
[2019.12.10-03.33.10:158][418]LogTexture: Display: Building textures: DrSchmeer_Body_Opacity (AutoDXT, 1024X1024)
[2019.12.10-03.33.10:225][418]LogMaterial: Display: Missing cached shader map for material Bodymat, compiling. 
[2019.12.10-03.33.10:317][418]LogFbx: Triangulating skeletal mesh default1
[2019.12.10-03.33.10:379][418]LogMaterial: Display: Material /Game/ThirdPersonBP/Characters/Dr_Schemeer_Animations/Dr_Crawl_001/lambert2.lambert2 needed to have new flag set bUsedWithSkeletalMesh !
[2019.12.10-03.33.10:382][418]LogMaterial: Display: Missing cached shader map for material lambert2, compiling. 
[2019.12.10-03.33.10:415][418]LogMaterial: Display: Missing cached shader map for material lambert2, compiling. 
[2019.12.10-03.33.10:445][418]LogFbx: Triangulating skeletal mesh Eyelashes
[2019.12.10-03.33.10:452][418]LogMaterial: Display: Material /Game/ThirdPersonBP/Characters/Dr_Schemeer_Animations/Dr_Crawl_001/Bodymat_1.Bodymat_1 needed to have new flag set bUsedWithSkeletalMesh !
[2019.12.10-03.33.10:456][418]LogMaterial: Display: Missing cached shader map for material Bodymat_1, compiling. 
[2019.12.10-03.33.10:525][418]LogTexture: Display: Building textures: DrSchmeer_Body_Diffuse (AutoDXT, 1024X1024)
[2019.12.10-03.33.11:376][418]LogTexture: Display: Building textures: DrSchmeer_Body_Specular (AutoDXT, 1024X1024)
[2019.12.10-03.33.11:561][418]LogTexture: Display: Building textures: DrSchmeer_Body_Gloss (AutoDXT, 1024X1024)
[2019.12.10-03.33.11:797][418]LogFbxMaterialImport: Warning: Manual texture reimport and recompression may be needed for DrSchmeer_Body_Normal
[2019.12.10-03.33.11:834][418]LogTexture: Display: Building textures: DrSchmeer_Body_Normal (BC5, 1024X1024)
[2019.12.10-03.33.11:961][418]LogTexture: Display: Building textures: DrSchmeer_Body_Opacity (AutoDXT, 1024X1024)
[2019.12.10-03.33.12:018][418]LogMaterial: Display: Missing cached shader map for material Bodymat_1, compiling. 
[2019.12.10-03.33.12:077][418]LogFbx: Triangulating skeletal mesh Body
[2019.12.10-03.33.12:703][418]LogMaterial: Display: Material /Game/ThirdPersonBP/Characters/Dr_Schemeer_Animations/Dr_Crawl_001/Topmat.Topmat needed to have new flag set bUsedWithSkeletalMesh !
[2019.12.10-03.33.12:706][418]LogMaterial: Display: Missing cached shader map for material Topmat, compiling. 
[2019.12.10-03.33.12:737][418]LogLinker: Failed to load '/Game/ThirdPersonBP/Characters/Dr_Schemeer_Animations/Dr_Crawl_001/DrSchmeer_Top_Diffuse': Can't find file.
[2019.12.10-03.33.12:737][418]LogLinker: Failed to load '/Game/ThirdPersonBP/Characters/Dr_Schemeer_Animations/Dr_Crawl_001/DrSchmeer_Top_Diffuse': Can't find file.
[2019.12.10-03.33.12:746][418]LogTexture: Display: Building textures: DrSchmeer_Top_Diffuse (AutoDXT, 512X512)
[2019.12.10-03.33.12:869][418]LogLinker: Failed to load '/Game/ThirdPersonBP/Characters/Dr_Schemeer_Animations/Dr_Crawl_001/DrSchmeer_Top_Specular': Can't find file.
[2019.12.10-03.33.12:869][418]LogLinker: Failed to load '/Game/ThirdPersonBP/Characters/Dr_Schemeer_Animations/Dr_Crawl_001/DrSchmeer_Top_Specular': Can't find file.
[2019.12.10-03.33.12:876][418]LogTexture: Display: Building textures: DrSchmeer_Top_Specular (AutoDXT, 512X512)
[2019.12.10-03.33.12:980][418]LogLinker: Failed to load '/Game/ThirdPersonBP/Characters/Dr_Schemeer_Animations/Dr_Crawl_001/DrSchmeer_Top_Gloss': Can't find file.
[2019.12.10-03.33.12:980][418]LogLinker: Failed to load '/Game/ThirdPersonBP/Characters/Dr_Schemeer_Animations/Dr_Crawl_001/DrSchmeer_Top_Gloss': Can't find file.
[2019.12.10-03.33.12:987][418]LogTexture: Display: Building textures: DrSchmeer_Top_Gloss (AutoDXT, 512X512)
[2019.12.10-03.33.13:127][418]LogLinker: Failed to load '/Game/ThirdPersonBP/Characters/Dr_Schemeer_Animations/Dr_Crawl_001/DrSchmeer_Top_Normal': Can't find file.
[2019.12.10-03.33.13:128][418]LogLinker: Failed to load '/Game/ThirdPersonBP/Characters/Dr_Schemeer_Animations/Dr_Crawl_001/DrSchmeer_Top_Normal': Can't find file.
[2019.12.10-03.33.13:139][418]LogTexture: Display: Building textures: DrSchmeer_Top_Normal (BC5, 512X512)
[2019.12.10-03.33.13:167][418]LogLinker: Failed to load '/Game/ThirdPersonBP/Characters/Dr_Schemeer_Animations/Dr_Crawl_001/DrSchmeer_Top_Opacity': Can't find file.
[2019.12.10-03.33.13:168][418]LogLinker: Failed to load '/Game/ThirdPersonBP/Characters/Dr_Schemeer_Animations/Dr_Crawl_001/DrSchmeer_Top_Opacity': Can't find file.
[2019.12.10-03.33.13:171][418]LogTexture: Display: Building textures: DrSchmeer_Top_Opacity (AutoDXT, 512X512)
[2019.12.10-03.33.13:189][418]LogMaterial: Display: Missing cached shader map for material Topmat, compiling. 
[2019.12.10-03.33.13:248][418]LogFbx: Triangulating skeletal mesh Tops
[2019.12.10-03.33.13:355][418]LogMaterial: Display: Material /Game/ThirdPersonBP/Characters/Dr_Schemeer_Animations/Dr_Crawl_001/Bottommat.Bottommat needed to have new flag set bUsedWithSkeletalMesh !
[2019.12.10-03.33.13:358][418]LogMaterial: Display: Missing cached shader map for material Bottommat, compiling. 
[2019.12.10-03.33.13:389][418]LogLinker: Failed to load '/Game/ThirdPersonBP/Characters/Dr_Schemeer_Animations/Dr_Crawl_001/DrSchmeer_Bottom_Diffuse': Can't find file.
[2019.12.10-03.33.13:389][418]LogLinker: Failed to load '/Game/ThirdPersonBP/Characters/Dr_Schemeer_Animations/Dr_Crawl_001/DrSchmeer_Bottom_Diffuse': Can't find file.
[2019.12.10-03.33.13:399][418]LogTexture: Display: Building textures: DrSchmeer_Bottom_Diffuse (AutoDXT, 512X512)
[2019.12.10-03.33.13:548][418]LogLinker: Failed to load '/Game/ThirdPersonBP/Characters/Dr_Schemeer_Animations/Dr_Crawl_001/DrSchmeer_Bottom_Specular': Can't find file.
[2019.12.10-03.33.13:548][418]LogLinker: Failed to load '/Game/ThirdPersonBP/Characters/Dr_Schemeer_Animations/Dr_Crawl_001/DrSchmeer_Bottom_Specular': Can't find file.
[2019.12.10-03.33.13:554][418]LogTexture: Display: Building textures: DrSchmeer_Bottom_Specular (AutoDXT, 512X512)
[2019.12.10-03.33.13:575][418]LogLinker: Failed to load '/Game/ThirdPersonBP/Characters/Dr_Schemeer_Animations/Dr_Crawl_001/DrSchmeer_Bottom_Gloss': Can't find file.
[2019.12.10-03.33.13:575][418]LogLinker: Failed to load '/Game/ThirdPersonBP/Characters/Dr_Schemeer_Animations/Dr_Crawl_001/DrSchmeer_Bottom_Gloss': Can't find file.
[2019.12.10-03.33.13:583][418]LogTexture: Display: Building textures: DrSchmeer_Bottom_Gloss (AutoDXT, 512X512)
[2019.12.10-03.33.13:652][418]LogLinker: Failed to load '/Game/ThirdPersonBP/Characters/Dr_Schemeer_Animations/Dr_Crawl_001/DrSchmeer_Bottom_Normal': Can't find file.
[2019.12.10-03.33.13:653][418]LogLinker: Failed to load '/Game/ThirdPersonBP/Characters/Dr_Schemeer_Animations/Dr_Crawl_001/DrSchmeer_Bottom_Normal': Can't find file.
[2019.12.10-03.33.13:664][418]LogTexture: Display: Building textures: DrSchmeer_Bottom_Normal (BC5, 512X512)
[2019.12.10-03.33.13:694][418]LogLinker: Failed to load '/Game/ThirdPersonBP/Characters/Dr_Schemeer_Animations/Dr_Crawl_001/DrSchmeer_Bottom_Opacity': Can't find file.
[2019.12.10-03.33.13:694][418]LogLinker: Failed to load '/Game/ThirdPersonBP/Characters/Dr_Schemeer_Animations/Dr_Crawl_001/DrSchmeer_Bottom_Opacity': Can't find file.
[2019.12.10-03.33.13:698][418]LogTexture: Display: Building textures: DrSchmeer_Bottom_Opacity (AutoDXT, 512X512)
[2019.12.10-03.33.13:716][418]LogMaterial: Display: Missing cached shader map for material Bottommat, compiling. 
[2019.12.10-03.33.13:770][418]LogFbx: Triangulating skeletal mesh Bottoms
[2019.12.10-03.33.13:915][418]LogMaterial: Display: Material /Game/ThirdPersonBP/Characters/Dr_Schemeer_Animations/Dr_Crawl_001/Shoesmat.Shoesmat needed to have new flag set bUsedWithSkeletalMesh !
[2019.12.10-03.33.13:918][418]LogMaterial: Display: Missing cached shader map for material Shoesmat, compiling. 
[2019.12.10-03.33.13:948][418]LogLinker: Failed to load '/Game/ThirdPersonBP/Characters/Dr_Schemeer_Animations/Dr_Crawl_001/DrSchmeer_Shoes_Diffuse': Can't find file.
[2019.12.10-03.33.13:949][418]LogLinker: Failed to load '/Game/ThirdPersonBP/Characters/Dr_Schemeer_Animations/Dr_Crawl_001/DrSchmeer_Shoes_Diffuse': Can't find file.
[2019.12.10-03.33.13:957][418]LogTexture: Display: Building textures: DrSchmeer_Shoes_Diffuse (AutoDXT, 512X512)
[2019.12.10-03.33.14:085][418]LogLinker: Failed to load '/Game/ThirdPersonBP/Characters/Dr_Schemeer_Animations/Dr_Crawl_001/DrSchmeer_Shoes_Specular': Can't find file.
[2019.12.10-03.33.14:085][418]LogLinker: Failed to load '/Game/ThirdPersonBP/Characters/Dr_Schemeer_Animations/Dr_Crawl_001/DrSchmeer_Shoes_Specular': Can't find file.
[2019.12.10-03.33.14:090][418]LogTexture: Display: Building textures: DrSchmeer_Shoes_Specular (AutoDXT, 512X512)
[2019.12.10-03.33.14:113][418]LogLinker: Failed to load '/Game/ThirdPersonBP/Characters/Dr_Schemeer_Animations/Dr_Crawl_001/DrSchmeer_Shoes_Gloss': Can't find file.
[2019.12.10-03.33.14:113][418]LogLinker: Failed to load '/Game/ThirdPersonBP/Characters/Dr_Schemeer_Animations/Dr_Crawl_001/DrSchmeer_Shoes_Gloss': Can't find file.
[2019.12.10-03.33.14:120][418]LogTexture: Display: Building textures: DrSchmeer_Shoes_Gloss (AutoDXT, 512X512)
[2019.12.10-03.33.14:169][418]LogLinker: Failed to load '/Game/ThirdPersonBP/Characters/Dr_Schemeer_Animations/Dr_Crawl_001/DrSchmeer_Shoes_Normal': Can't find file.
[2019.12.10-03.33.14:169][418]LogLinker: Failed to load '/Game/ThirdPersonBP/Characters/Dr_Schemeer_Animations/Dr_Crawl_001/DrSchmeer_Shoes_Normal': Can't find file.
[2019.12.10-03.33.14:180][418]LogTexture: Display: Building textures: DrSchmeer_Shoes_Normal (BC5, 512X512)
[2019.12.10-03.33.14:212][418]LogLinker: Failed to load '/Game/ThirdPersonBP/Characters/Dr_Schemeer_Animations/Dr_Crawl_001/DrSchmeer_Shoes_Opacity': Can't find file.
[2019.12.10-03.33.14:212][418]LogLinker: Failed to load '/Game/ThirdPersonBP/Characters/Dr_Schemeer_Animations/Dr_Crawl_001/DrSchmeer_Shoes_Opacity': Can't find file.
[2019.12.10-03.33.14:216][418]LogTexture: Display: Building textures: DrSchmeer_Shoes_Opacity (AutoDXT, 512X512)
[2019.12.10-03.33.14:231][418]LogMaterial: Display: Missing cached shader map for material Shoesmat, compiling. 
[2019.12.10-03.33.14:283][418]LogFbx: Triangulating skeletal mesh Shoes
[2019.12.10-03.33.14:498][418]LogMaterial: Display: Material /Game/ThirdPersonBP/Characters/Dr_Schemeer_Animations/Dr_Crawl_001/Hairmat.Hairmat needed to have new flag set bUsedWithSkeletalMesh !
[2019.12.10-03.33.14:501][418]LogMaterial: Display: Missing cached shader map for material Hairmat, compiling. 
[2019.12.10-03.33.14:531][418]LogLinker: Failed to load '/Game/ThirdPersonBP/Characters/Dr_Schemeer_Animations/Dr_Crawl_001/DrSchmeer_Hair_Diffuse': Can't find file.
[2019.12.10-03.33.14:532][418]LogLinker: Failed to load '/Game/ThirdPersonBP/Characters/Dr_Schemeer_Animations/Dr_Crawl_001/DrSchmeer_Hair_Diffuse': Can't find file.
[2019.12.10-03.33.14:537][418]LogTexture: Display: Building textures: DrSchmeer_Hair_Diffuse (AutoDXT, 512X512)
[2019.12.10-03.33.14:608][418]LogLinker: Failed to load '/Game/ThirdPersonBP/Characters/Dr_Schemeer_Animations/Dr_Crawl_001/DrSchmeer_Hair_Specular': Can't find file.
[2019.12.10-03.33.14:608][418]LogLinker: Failed to load '/Game/ThirdPersonBP/Characters/Dr_Schemeer_Animations/Dr_Crawl_001/DrSchmeer_Hair_Specular': Can't find file.
[2019.12.10-03.33.14:613][418]LogTexture: Display: Building textures: DrSchmeer_Hair_Specular (AutoDXT, 512X512)
[2019.12.10-03.33.14:676][418]LogLinker: Failed to load '/Game/ThirdPersonBP/Characters/Dr_Schemeer_Animations/Dr_Crawl_001/DrSchmeer_Hair_Gloss': Can't find file.
[2019.12.10-03.33.14:676][418]LogLinker: Failed to load '/Game/ThirdPersonBP/Characters/Dr_Schemeer_Animations/Dr_Crawl_001/DrSchmeer_Hair_Gloss': Can't find file.
[2019.12.10-03.33.14:681][418]LogTexture: Display: Building textures: DrSchmeer_Hair_Gloss (AutoDXT, 512X512)
[2019.12.10-03.33.14:748][418]LogLinker: Failed to load '/Game/ThirdPersonBP/Characters/Dr_Schemeer_Animations/Dr_Crawl_001/DrSchmeer_Hair_Normal': Can't find file.
[2019.12.10-03.33.14:749][418]LogLinker: Failed to load '/Game/ThirdPersonBP/Characters/Dr_Schemeer_Animations/Dr_Crawl_001/DrSchmeer_Hair_Normal': Can't find file.
[2019.12.10-03.33.14:755][418]LogTexture: Display: Building textures: DrSchmeer_Hair_Normal (BC5, 512X512)
[2019.12.10-03.33.14:780][418]LogLinker: Failed to load '/Game/ThirdPersonBP/Characters/Dr_Schemeer_Animations/Dr_Crawl_001/DrSchmeer_Hair_Opacity': Can't find file.
[2019.12.10-03.33.14:780][418]LogLinker: Failed to load '/Game/ThirdPersonBP/Characters/Dr_Schemeer_Animations/Dr_Crawl_001/DrSchmeer_Hair_Opacity': Can't find file.
[2019.12.10-03.33.14:786][418]LogTexture: Display: Building textures: DrSchmeer_Hair_Opacity (AutoDXT, 512X512)
[2019.12.10-03.33.14:891][418]LogMaterial: Display: Missing cached shader map for material Hairmat, compiling. 
[2019.12.10-03.33.14:942][418]LogFbx: Triangulating skeletal mesh Hair
[2019.12.10-03.33.15:143][418]LogFbx: Warning: Bones digested - 52  Depth of hierarchy - 11
[2019.12.10-03.33.15:893][418]LogSkeletalMesh: Section 0: 804 vertices, 1 active bones
[2019.12.10-03.33.15:893][418]LogSkeletalMesh: Section 1: 106 vertices, 1 active bones
[2019.12.10-03.33.15:894][418]LogSkeletalMesh: Section 2: 9599 vertices, 45 active bones
[2019.12.10-03.33.15:894][418]LogSkeletalMesh: Section 3: 1693 vertices, 22 active bones
[2019.12.10-03.33.15:895][418]LogSkeletalMesh: Section 4: 2296 vertices, 10 active bones
[2019.12.10-03.33.15:895][418]LogSkeletalMesh: Section 5: 3690 vertices, 6 active bones
[2019.12.10-03.33.15:895][418]LogSkeletalMesh: Section 6: 4612 vertices, 3 active bones
[2019.12.10-03.33.15:897][418]LogSkeletalMesh: Section 0: Material=0, 1520 triangles
[2019.12.10-03.33.15:897][418]LogSkeletalMesh: Section 1: Material=1, 114 triangles
[2019.12.10-03.33.15:897][418]LogSkeletalMesh: Section 2: Material=2, 17181 triangles
[2019.12.10-03.33.15:897][418]LogSkeletalMesh: Section 3: Material=3, 2552 triangles
[2019.12.10-03.33.15:897][418]LogSkeletalMesh: Section 4: Material=4, 4036 triangles
[2019.12.10-03.33.15:897][418]LogSkeletalMesh: Section 5: Material=5, 6494 triangles
[2019.12.10-03.33.15:897][418]LogSkeletalMesh: Section 6: Material=6, 4514 triangles
[2019.12.10-03.33.15:904][418]LogSkeletalMesh: Building Skeletal Mesh dr_crawl_001...
[2019.12.10-03.33.15:950][418]LogSkeletalMesh: Built Skeletal Mesh [0.05s] /Game/ThirdPersonBP/Characters/Dr_Schemeer_Animations/Dr_Crawl_001/dr_crawl_001.dr_crawl_001
[2019.12.10-03.33.20:339][418]LogSlate: Window 'Message' being destroyed
[2019.12.10-03.33.20:350][418]LogAnimationCompression: Building Anim DDC data for AnimSequence /Game/ThirdPersonBP/Characters/Dr_Schemeer_Animations/Dr_Admire_001/dr_admire_001_animation_Anim.dr_admire_001_animation_Anim
[2019.12.10-03.33.20:351][418]LogAnimationCompression: Recompressing (AnimSequence /Game/ThirdPersonBP/Characters/Dr_Schemeer_Animations/Dr_Admire_001/dr_admire_001_animation_Anim.dr_admire_001_animation_Anim) using current/default (AnimCompress_BitwiseCompressOnly_0) bFirstRecompressUsingCurrentOrDefault(1) bTryAlternateCompressor(0) IsCompressedDataValid(0)
[2019.12.10-03.33.22:651][418]LogSlate: Window 'Message' being destroyed
[2019.12.10-03.33.22:661][418]LogAnimationCompression: Building Anim DDC data for AnimSequence /Game/ThirdPersonBP/Characters/Dr_Schemeer_Animations/Dr_Admire_001/dr_admire_001_animation_Anim.dr_admire_001_animation_Anim
[2019.12.10-03.33.22:661][418]LogAnimationCompression: Recompressing (AnimSequence /Game/ThirdPersonBP/Characters/Dr_Schemeer_Animations/Dr_Admire_001/dr_admire_001_animation_Anim.dr_admire_001_animation_Anim) using current/default (AnimCompress_BitwiseCompressOnly_0) bFirstRecompressUsingCurrentOrDefault(1) bTryAlternateCompressor(0) IsCompressedDataValid(0)
[2019.12.10-03.33.24:951][418]LogSlate: Window 'Message' being destroyed
[2019.12.10-03.33.24:961][418]LogLinker: Failed to load '/Game/ThirdPersonBP/Characters/Dr_Schemeer_Animations/Dr_Crawl_001/dr_crawl_001_PhysicsAsset': Can't find file.
[2019.12.10-03.33.24:961][418]LogLinker: Failed to load '/Game/ThirdPersonBP/Characters/Dr_Schemeer_Animations/Dr_Crawl_001/dr_crawl_001_PhysicsAsset': Can't find file.
[2019.12.10-03.33.24:979][418]LogWorld: UWorld::CleanupWorld for World_1, bSessionEnded=true, bCleanupResources=true
[2019.12.10-03.33.24:985][418]LogFbx: SortedLinks :(0) Hips
[2019.12.10-03.33.24:985][418]LogFbx: SortedLinks :(1) Spine
[2019.12.10-03.33.24:985][418]LogFbx: SortedLinks :(2) Spine1
[2019.12.10-03.33.24:985][418]LogFbx: SortedLinks :(3) Spine2
[2019.12.10-03.33.24:985][418]LogFbx: SortedLinks :(4) Neck
[2019.12.10-03.33.24:985][418]LogFbx: SortedLinks :(5) Head
[2019.12.10-03.33.24:985][418]LogFbx: SortedLinks :(6) LeftShoulder
[2019.12.10-03.33.24:986][418]LogFbx: SortedLinks :(7) LeftArm
[2019.12.10-03.33.24:986][418]LogFbx: SortedLinks :(8) LeftForeArm
[2019.12.10-03.33.24:986][418]LogFbx: SortedLinks :(9) LeftHand
[2019.12.10-03.33.24:986][418]LogFbx: SortedLinks :(10) LeftHandMiddle1
[2019.12.10-03.33.24:986][418]LogFbx: SortedLinks :(11) LeftHandMiddle2
[2019.12.10-03.33.24:986][418]LogFbx: SortedLinks :(12) LeftHandMiddle3
[2019.12.10-03.33.24:986][418]LogFbx: SortedLinks :(13) LeftHandThumb1
[2019.12.10-03.33.24:986][418]LogFbx: SortedLinks :(14) LeftHandThumb2
[2019.12.10-03.33.24:986][418]LogFbx: SortedLinks :(15) LeftHandThumb3
[2019.12.10-03.33.24:986][418]LogFbx: SortedLinks :(16) LeftHandIndex1
[2019.12.10-03.33.24:986][418]LogFbx: SortedLinks :(17) LeftHandIndex2
[2019.12.10-03.33.24:986][418]LogFbx: SortedLinks :(18) LeftHandIndex3
[2019.12.10-03.33.24:986][418]LogFbx: SortedLinks :(19) LeftHandRing1
[2019.12.10-03.33.24:986][418]LogFbx: SortedLinks :(20) LeftHandRing2
[2019.12.10-03.33.24:986][418]LogFbx: SortedLinks :(21) LeftHandRing3
[2019.12.10-03.33.24:986][418]LogFbx: SortedLinks :(22) LeftHandPinky1
[2019.12.10-03.33.24:986][418]LogFbx: SortedLinks :(23) LeftHandPinky2
[2019.12.10-03.33.24:986][418]LogFbx: SortedLinks :(24) LeftHandPinky3
[2019.12.10-03.33.24:986][418]LogFbx: SortedLinks :(25) RightShoulder
[2019.12.10-03.33.24:986][418]LogFbx: SortedLinks :(26) RightArm
[2019.12.10-03.33.24:986][418]LogFbx: SortedLinks :(27) RightForeArm
[2019.12.10-03.33.24:986][418]LogFbx: SortedLinks :(28) RightHand
[2019.12.10-03.33.24:986][418]LogFbx: SortedLinks :(29) RightHandMiddle1
[2019.12.10-03.33.24:986][418]LogFbx: SortedLinks :(30) RightHandMiddle2
[2019.12.10-03.33.24:986][418]LogFbx: SortedLinks :(31) RightHandMiddle3
[2019.12.10-03.33.24:986][418]LogFbx: SortedLinks :(32) RightHandThumb1
[2019.12.10-03.33.24:986][418]LogFbx: SortedLinks :(33) RightHandThumb2
[2019.12.10-03.33.24:986][418]LogFbx: SortedLinks :(34) RightHandThumb3
[2019.12.10-03.33.24:986][418]LogFbx: SortedLinks :(35) RightHandIndex1
[2019.12.10-03.33.24:986][418]LogFbx: SortedLinks :(36) RightHandIndex2
[2019.12.10-03.33.24:986][418]LogFbx: SortedLinks :(37) RightHandIndex3
[2019.12.10-03.33.24:986][418]LogFbx: SortedLinks :(38) RightHandRing1
[2019.12.10-03.33.24:986][418]LogFbx: SortedLinks :(39) RightHandRing2
[2019.12.10-03.33.24:986][418]LogFbx: SortedLinks :(40) RightHandRing3
[2019.12.10-03.33.24:986][418]LogFbx: SortedLinks :(41) RightHandPinky1
[2019.12.10-03.33.24:986][418]LogFbx: SortedLinks :(42) RightHandPinky2
[2019.12.10-03.33.24:986][418]LogFbx: SortedLinks :(43) RightHandPinky3
[2019.12.10-03.33.24:986][418]LogFbx: SortedLinks :(44) RightUpLeg
[2019.12.10-03.33.24:986][418]LogFbx: SortedLinks :(45) RightLeg
[2019.12.10-03.33.24:986][418]LogFbx: SortedLinks :(46) RightFoot
[2019.12.10-03.33.24:986][418]LogFbx: SortedLinks :(47) RightToeBase
[2019.12.10-03.33.24:986][418]LogFbx: SortedLinks :(48) LeftUpLeg
[2019.12.10-03.33.24:986][418]LogFbx: SortedLinks :(49) LeftLeg
[2019.12.10-03.33.24:986][418]LogFbx: SortedLinks :(50) LeftFoot
[2019.12.10-03.33.24:986][418]LogFbx: SortedLinks :(51) LeftToeBase
[2019.12.10-03.33.24:988][418]LogFbx: Parsing AnimStack Take 001
[2019.12.10-03.33.24:988][418]LogLinker: Failed to load '/Game/ThirdPersonBP/Characters/Dr_Schemeer_Animations/Dr_Crawl_001/dr_crawl_001_Anim': Can't find file.
[2019.12.10-03.33.24:989][418]LogLinker: Failed to load '/Game/ThirdPersonBP/Characters/Dr_Schemeer_Animations/Dr_Crawl_001/dr_crawl_001_Anim': Can't find file.
[2019.12.10-03.33.25:374][418]LogAnimationCompression: Building Anim DDC data for AnimSequence /Game/ThirdPersonBP/Characters/Dr_Schemeer_Animations/Dr_Crawl_001/dr_crawl_001_Anim.dr_crawl_001_Anim
[2019.12.10-03.33.25:374][418]LogAnimationCompression: Recompressing (AnimSequence /Game/ThirdPersonBP/Characters/Dr_Schemeer_Animations/Dr_Crawl_001/dr_crawl_001_Anim.dr_crawl_001_Anim) using current/default (AnimCompress_BitwiseCompressOnly_0) bFirstRecompressUsingCurrentOrDefault(1) bTryAlternateCompressor(0) IsCompressedDataValid(0)
[2019.12.10-03.33.25:385][418]LogSkeletalMesh: Building Skeletal Mesh dr_crawl_001...
[2019.12.10-03.33.25:438][418]LogSkeletalMesh: Built Skeletal Mesh [0.05s] /Game/ThirdPersonBP/Characters/Dr_Schemeer_Animations/Dr_Crawl_001/dr_crawl_001.dr_crawl_001
[2019.12.10-03.33.25:457][418]FBXImport: Warning: No smoothing group information was found in this FBX scene.  Please make sure to enable the 'Export Smoothing Groups' option in the FBX Exporter plug-in before exporting the file.  Even for tools that don't support smoothing groups, the FBX Exporter will generate appropriate smoothing data at export-time so that correct vertex normals can be inferred while importing. 
[2019.12.10-03.33.25:457][418]FBXImport: Warning: The following bones are missing from the bind pose:
mixamorig:LeftShoulder  
mixamorig:LeftArm  
mixamorig:LeftForeArm  
mixamorig:LeftHand  
mixamorig:LeftHandMiddle1  
mixamorig:LeftHandMiddle2  
mixamorig:LeftHandMiddle3  
mixamorig:LeftHandThumb1  
mixamorig:LeftHandThumb2  
mixamorig:LeftHandThumb3  
mixamorig:LeftHandIndex1  
mixamorig:LeftHandIndex2  
mixamorig:LeftHandIndex3  
mixamorig:LeftHandRing1  
mixamorig:LeftHandRing2  
mixamorig:LeftHandRing3  
mixamorig:LeftHandPinky1  
mixamorig:LeftHandPinky2  
mixamorig:LeftHandPinky3  
mixamorig:RightShoulder  
mixamorig:RightArm  
mixamorig:RightForeArm  
mixamorig:RightHand  
mixamorig:RightHandMiddle1  
mixamorig:RightHandMiddle2  
mixamorig:RightHandMiddle3  
mixamorig:RightHandThumb1  
mixamorig:RightHandThumb2  
mixamorig:RightHandThumb3  
mixamorig:RightHandIndex1  
mixamorig:RightHandIndex2  
mixamorig:RightHandIndex3  
mixamorig:RightHandRing1  
mixamorig:RightHandRing2  
mixamorig:RightHandRing3  
mixamorig:RightHandPinky1  
mixamorig:RightHandPinky2  
mixamorig:RightHandPinky3  

This can happen for bones that are not vert weighted. If they are not in the correct orientation after importing,
please set the "Use T0 as ref pose" option or add them to the bind pose and reimport the skeletal mesh. 
[2019.12.10-03.33.25:464][418]LogSkeletalMesh: Building Skeletal Mesh dr_crawl_001...
[2019.12.10-03.33.25:511][418]LogSkeletalMesh: Built Skeletal Mesh [0.05s] /Game/ThirdPersonBP/Characters/Dr_Schemeer_Animations/Dr_Crawl_001/dr_crawl_001.dr_crawl_001
[2019.12.10-03.33.28:475][710]LogSlate: Window 'Message Log' being destroyed
[2019.12.10-03.33.28:479][710]LogSlate: Window 'Message Log' being destroyed
[2019.12.10-03.34.25:653][377]LogSlate: FSceneViewport::OnFocusLost() reason 5
[2019.12.10-03.34.30:652][893]LogSlate: FSceneViewport::OnFocusLost() reason 0
[2019.12.10-03.34.30:775][907]LogTemp: Repeating last play command: Selected Viewport
[2019.12.10-03.34.30:782][907]LogBlueprintUserMessages: Early PlayInEditor Detection: Level '/Game/ThirdPersonBP/Maps/ThirdPersonExampleMap.ThirdPersonExampleMap:PersistentLevel' has LevelScriptBlueprint '/Game/ThirdPersonBP/Maps/ThirdPersonExampleMap.ThirdPersonExampleMap:PersistentLevel.ThirdPersonExampleMap' with GeneratedClass '/Game/ThirdPersonBP/Maps/ThirdPersonExampleMap.ThirdPersonExampleMap_C' with ClassGeneratedBy '/Game/ThirdPersonBP/Maps/ThirdPersonExampleMap.ThirdPersonExampleMap:PersistentLevel.ThirdPersonExampleMap'
[2019.12.10-03.34.30:787][907]LogPlayLevel: PlayLevel: No blueprints needed recompiling
[2019.12.10-03.34.30:787][907]PIE: New page: PIE session: ThirdPersonExampleMap (Dec 9, 2019, 1:34:30 PM)
[2019.12.10-03.34.30:788][907]LogPlayLevel: Creating play world package: /Game/ThirdPersonBP/Maps/UEDPIE_0_ThirdPersonExampleMap
[2019.12.10-03.34.30:811][907]LogPlayLevel: PIE: StaticDuplicateObject took: (0.022971s)
[2019.12.10-03.34.30:812][907]LogAIModule: Creating AISystem for world ThirdPersonExampleMap
[2019.12.10-03.34.30:813][907]LogPlayLevel: PIE: World Init took: (0.002094s)
[2019.12.10-03.34.30:813][907]LogPlayLevel: PIE: Created PIE world by copying editor world from /Game/ThirdPersonBP/Maps/ThirdPersonExampleMap.ThirdPersonExampleMap to /Game/ThirdPersonBP/Maps/UEDPIE_0_ThirdPersonExampleMap.ThirdPersonExampleMap (0.025347s)
[2019.12.10-03.34.30:846][907]LogUObjectHash: Compacting FUObjectHashTables data took   2.89ms
[2019.12.10-03.34.30:852][907]LogInit: XAudio2 using 'Realtek Digital Output (Realtek High Definition Audio)' : 2 channels at 48 kHz using 16 bits per sample (channel mask 0x3)
[2019.12.10-03.34.30:865][907]LogInit: FAudioDevice initialized.
[2019.12.10-03.34.30:882][907]LogLoad: Game class is 'ThirdPersonGameMode_C'
[2019.12.10-03.34.30:885][907]LogWorld: Bringing World /Game/ThirdPersonBP/Maps/UEDPIE_0_ThirdPersonExampleMap.ThirdPersonExampleMap up for play (max tick rate 0) at 2019.12.09-20.34.30
[2019.12.10-03.34.30:885][907]LogWorld: Bringing up level for play took: 0.002342
[2019.12.10-03.34.30:886][907]LogOnline: OSS: Creating online subsystem instance for: :Context_7
[2019.12.10-03.34.30:888][907]PIE: Play in editor start time for /Game/ThirdPersonBP/Maps/UEDPIE_0_ThirdPersonExampleMap -0.481
[2019.12.10-03.34.30:888][907]LogBlueprintUserMessages: Late PlayInEditor Detection: Level '/Game/ThirdPersonBP/Maps/ThirdPersonExampleMap.ThirdPersonExampleMap:PersistentLevel' has LevelScriptBlueprint '/Game/ThirdPersonBP/Maps/ThirdPersonExampleMap.ThirdPersonExampleMap:PersistentLevel.ThirdPersonExampleMap' with GeneratedClass '/Game/ThirdPersonBP/Maps/ThirdPersonExampleMap.ThirdPersonExampleMap_C' with ClassGeneratedBy '/Game/ThirdPersonBP/Maps/ThirdPersonExampleMap.ThirdPersonExampleMap:PersistentLevel.ThirdPersonExampleMap'
[2019.12.10-03.34.38:694][842]LogBlueprintUserMessages: Early EndPlayMap Detection: Level '/Game/ThirdPersonBP/Maps/ThirdPersonExampleMap.ThirdPersonExampleMap:PersistentLevel' has LevelScriptBlueprint '/Game/ThirdPersonBP/Maps/ThirdPersonExampleMap.ThirdPersonExampleMap:PersistentLevel.ThirdPersonExampleMap' with GeneratedClass '/Game/ThirdPersonBP/Maps/ThirdPersonExampleMap.ThirdPersonExampleMap_C' with ClassGeneratedBy '/Game/ThirdPersonBP/Maps/ThirdPersonExampleMap.ThirdPersonExampleMap:PersistentLevel.ThirdPersonExampleMap'
[2019.12.10-03.34.38:694][842]LogSlate: Updating window title bar state: overlay mode, drag disabled, window buttons hidden, title bar hidden
[2019.12.10-03.34.38:694][842]LogWorld: BeginTearingDown for /Game/ThirdPersonBP/Maps/UEDPIE_0_ThirdPersonExampleMap
[2019.12.10-03.34.38:694][842]LogWorld: UWorld::CleanupWorld for ThirdPersonExampleMap, bSessionEnded=true, bCleanupResources=true
[2019.12.10-03.34.38:703][842]LogPlayLevel: Display: Shutting down PIE online subsystems
[2019.12.10-03.34.38:703][842]LogBlueprintUserMessages: Late EndPlayMap Detection: Level '/Game/ThirdPersonBP/Maps/ThirdPersonExampleMap.ThirdPersonExampleMap:PersistentLevel' has LevelScriptBlueprint '/Game/ThirdPersonBP/Maps/ThirdPersonExampleMap.ThirdPersonExampleMap:PersistentLevel.ThirdPersonExampleMap' with GeneratedClass '/Game/ThirdPersonBP/Maps/ThirdPersonExampleMap.ThirdPersonExampleMap_C' with ClassGeneratedBy '/Game/ThirdPersonBP/Maps/ThirdPersonExampleMap.ThirdPersonExampleMap:PersistentLevel.ThirdPersonExampleMap'
[2019.12.10-03.34.38:731][842]LogSlate: Updating window title bar state: overlay mode, drag disabled, window buttons hidden, title bar hidden
[2019.12.10-03.34.38:733][842]LogUObjectHash: Compacting FUObjectHashTables data took   1.42ms
[2019.12.10-03.34.38:799][849]LogPlayLevel: Display: Destroying online subsystem :Context_7
[2019.12.10-03.34.45:705][673]LogEditorViewport: Clicking on Actor (LMB): SkeletalMeshActor (dr_admire_001_animation_Anim)
[2019.12.10-03.34.47:222][839]Cmd: DELETE
[2019.12.10-03.34.47:222][839]Cmd: ACTOR DELETE
[2019.12.10-03.34.47:241][839]LogEditorActor: Deleted Actor: SkeletalMeshActor
[2019.12.10-03.34.47:265][839]LogUObjectHash: Compacting FUObjectHashTables data took   0.64ms
[2019.12.10-03.34.47:265][839]LogEditorActor: Deleted 1 Actors (0.032 secs)
[2019.12.10-03.34.50:279][198]LogEditorViewport: Clicking on Actor (LMB): SkeletalMeshActor (dr_crawl_001_Anim)
[2019.12.10-03.34.51:130][291]Cmd: DELETE
[2019.12.10-03.34.51:130][291]Cmd: ACTOR DELETE
[2019.12.10-03.34.51:132][291]LogEditorActor: Deleted Actor: SkeletalMeshActor
[2019.12.10-03.34.51:156][291]LogUObjectHash: Compacting FUObjectHashTables data took   0.57ms
[2019.12.10-03.34.51:156][291]LogEditorActor: Deleted 1 Actors (0.026 secs)
[2019.12.10-03.34.54:593][699]LogSlate: FSceneViewport::OnFocusLost() reason 5
[2019.12.10-03.34.55:917][855]LogSlate: FSceneViewport::OnFocusLost() reason 5
[2019.12.10-03.34.55:955][855]LogUObjectHash: Compacting FUObjectHashTables data took   0.59ms
[2019.12.10-03.34.56:143][855]LogSavePackage: Moving '../../../../../../Users/u1101109/Desktop/GitHub/TheLab/Saved/ThirdPersonExampleMap0204D710432E744D9A4DD8A5E7E6040D.tmp' to '../../../../../../Users/u1101109/Desktop/GitHub/TheLab/Content/ThirdPersonBP/Maps/ThirdPersonExampleMap.umap'
[2019.12.10-03.34.56:338][855]LogSavePackage: Moving '../../../../../../Users/u1101109/Desktop/GitHub/TheLab/Saved/ThirdPersonExampleMap_BuiltDataE96DDFC34696B696DBEA33B12F4802CE.tmp' to '../../../../../../Users/u1101109/Desktop/GitHub/TheLab/Content/ThirdPersonBP/Maps/ThirdPersonExampleMap_BuiltData.uasset'
[2019.12.10-03.34.58:179][ 58]LogSlate: FSceneViewport::OnFocusLost() reason 5
[2019.12.10-03.34.58:210][ 58]LogUObjectHash: Compacting FUObjectHashTables data took   1.75ms
[2019.12.10-03.34.58:326][ 58]LogSavePackage: Moving '../../../../../../Users/u1101109/Desktop/GitHub/TheLab/Saved/ThirdPersonExampleMap2DEE4D5A4BB91AD9609A9E95DF8EF8C6.tmp' to '../../../../../../Users/u1101109/Desktop/GitHub/TheLab/Content/ThirdPersonBP/Maps/ThirdPersonExampleMap.umap'
[2019.12.10-03.34.58:447][ 58]LogSavePackage: Moving '../../../../../../Users/u1101109/Desktop/GitHub/TheLab/Saved/ThirdPersonExampleMap_BuiltData4C216BB747999CD6A27AF183D89CD3BD.tmp' to '../../../../../../Users/u1101109/Desktop/GitHub/TheLab/Content/ThirdPersonBP/Maps/ThirdPersonExampleMap_BuiltData.uasset'
[2019.12.10-03.34.59:464][174]LogSlate: FSceneViewport::OnFocusLost() reason 0
